[36mINFO[0m[0003]/home/mvmir/Рабочий стол/github/html_server_translate/serv_az/server/internal/log/log.go:32 server/internal/log.NewLogAndSetLevel() Logger has been configurated                 
[36mINFO[0m[0003]/home/mvmir/Рабочий стол/github/html_server_translate/serv_az/server/internal/config/config.go:60 server/internal/config.NewConfig() Config has been parsed                       
[36mINFO[0m[0003]/home/mvmir/Рабочий стол/github/html_server_translate/serv_az/server/internal/log/log.go:44 server/internal/log.SetLevel() logger level has been configurated           
[36mINFO[0m[0009]/home/mvmir/Рабочий стол/github/html_server_translate/serv_az/server/internal/database/postgres.go:67 server/internal/database.(*postgresDB).SetupDatabase() DB Postgres has been connected, DB.Ping success  
[36mINFO[0m[0009]/home/mvmir/Рабочий стол/github/html_server_translate/serv_az/server/internal/database/postgres.go:76 server/internal/database.(*postgresDB).PingEveryMinuts() FOR                                          
[36mINFO[0m[0009]/home/mvmir/Рабочий стол/github/html_server_translate/serv_az/server/internal/server/server.go:301 server/internal/server.(*server).initializeTemplates() Templates have been registered               
[36mINFO[0m[0009]/home/mvmir/Рабочий стол/github/html_server_translate/serv_az/server/internal/server/server.go:51 server/internal/server.(*server).initializeRoutes() server INIT                                  
[36mINFO[0m[0009]/home/mvmir/Рабочий стол/github/html_server_translate/serv_az/server/internal/server/server.go:154 server/internal/server.Run() Listening HTTP service on 8081 port          
[36mINFO[0m[0003]/home/mvmir/Рабочий стол/github/html_server_translate/serv_az/server/internal/log/log.go:32 server/internal/log.NewLogAndSetLevel() Logger has been configurated                 
[36mINFO[0m[0003]/home/mvmir/Рабочий стол/github/html_server_translate/serv_az/server/internal/config/config.go:60 server/internal/config.NewConfig() Config has been parsed                       
[36mINFO[0m[0003]/home/mvmir/Рабочий стол/github/html_server_translate/serv_az/server/internal/log/log.go:44 server/internal/log.SetLevel() logger level has been configurated           
[36mINFO[0m[0003]/home/mvmir/Рабочий стол/github/html_server_translate/serv_az/server/internal/database/postgres.go:67 server/internal/database.(*postgresDB).SetupDatabase() DB Postgres has been connected, DB.Ping success  
[36mINFO[0m[0003]/home/mvmir/Рабочий стол/github/html_server_translate/serv_az/server/internal/database/postgres.go:76 server/internal/database.(*postgresDB).PingEveryMinuts() FOR                                          
[36mINFO[0m[0004]/home/mvmir/Рабочий стол/github/html_server_translate/serv_az/server/internal/server/server.go:301 server/internal/server.(*server).initializeTemplates() Templates have been registered               
[36mINFO[0m[0004]/home/mvmir/Рабочий стол/github/html_server_translate/serv_az/server/internal/server/server.go:51 server/internal/server.(*server).initializeRoutes() server INIT                                  
[36mINFO[0m[0004]/home/mvmir/Рабочий стол/github/html_server_translate/serv_az/server/internal/server/server.go:154 server/internal/server.Run() Listening HTTP service on 8081 port          
[31mERRO[0m[0058]/home/mvmir/Рабочий стол/github/html_server_translate/serv_az/server/internal/server/middlewares.go:44 server/internal/server.(*server).jwtAuthentication.func1() MIDDLEWARE_ERR: Failed to JWTMiddlewareErr : [Vars Authorization] 
[36mINFO[0m[0003]/home/mvmir/Рабочий стол/github/html_server_translate/serv_az/server/internal/log/log.go:32 server/internal/log.NewLogAndSetLevel() Logger has been configurated                 
[36mINFO[0m[0003]/home/mvmir/Рабочий стол/github/html_server_translate/serv_az/server/internal/config/config.go:60 server/internal/config.NewConfig() Config has been parsed                       
[36mINFO[0m[0003]/home/mvmir/Рабочий стол/github/html_server_translate/serv_az/server/internal/log/log.go:44 server/internal/log.SetLevel() logger level has been configurated           
[36mINFO[0m[0003]/home/mvmir/Рабочий стол/github/html_server_translate/serv_az/server/internal/database/postgres.go:67 server/internal/database.(*postgresDB).SetupDatabase() DB Postgres has been connected, DB.Ping success  
[36mINFO[0m[0003]/home/mvmir/Рабочий стол/github/html_server_translate/serv_az/server/internal/database/postgres.go:76 server/internal/database.(*postgresDB).PingEveryMinuts() FOR                                          
[36mINFO[0m[0004]/home/mvmir/Рабочий стол/github/html_server_translate/serv_az/server/internal/server/server.go:301 server/internal/server.(*server).initializeTemplates() Templates have been registered               
[36mINFO[0m[0004]/home/mvmir/Рабочий стол/github/html_server_translate/serv_az/server/internal/server/server.go:51 server/internal/server.(*server).initializeRoutes() server INIT                                  
[36mINFO[0m[0004]/home/mvmir/Рабочий стол/github/html_server_translate/serv_az/server/internal/server/server.go:154 server/internal/server.Run() Listening HTTP service on 8081 port          
[36mINFO[0m[0124]/home/mvmir/Рабочий стол/github/html_server_translate/serv_az/server/internal/database/postgres.go:98 server/internal/database.(*postgresDB).PingEveryMinuts() Ping success                                 
[36mINFO[0m[0003]/home/mvmir/Рабочий стол/github/html_server_translate/serv_az/server/internal/log/log.go:32 server/internal/log.NewLogAndSetLevel() Logger has been configurated                 
[36mINFO[0m[0003]/home/mvmir/Рабочий стол/github/html_server_translate/serv_az/server/internal/config/config.go:60 server/internal/config.NewConfig() Config has been parsed                       
[36mINFO[0m[0003]/home/mvmir/Рабочий стол/github/html_server_translate/serv_az/server/internal/log/log.go:44 server/internal/log.SetLevel() logger level has been configurated           
[36mINFO[0m[0004]/home/mvmir/Рабочий стол/github/html_server_translate/serv_az/server/internal/database/postgres.go:67 server/internal/database.(*postgresDB).SetupDatabase() DB Postgres has been connected, DB.Ping success  
[36mINFO[0m[0004]/home/mvmir/Рабочий стол/github/html_server_translate/serv_az/server/internal/database/postgres.go:76 server/internal/database.(*postgresDB).PingEveryMinuts() FOR                                          
[36mINFO[0m[0004]/home/mvmir/Рабочий стол/github/html_server_translate/serv_az/server/internal/server/server.go:301 server/internal/server.(*server).initializeTemplates() Templates have been registered               
[36mINFO[0m[0004]/home/mvmir/Рабочий стол/github/html_server_translate/serv_az/server/internal/server/server.go:51 server/internal/server.(*server).initializeRoutes() server INIT                                  
[36mINFO[0m[0004]/home/mvmir/Рабочий стол/github/html_server_translate/serv_az/server/internal/server/server.go:154 server/internal/server.Run() Listening HTTP service on 8081 port          
[36mINFO[0m[0064]/home/mvmir/Рабочий стол/github/html_server_translate/serv_az/server/internal/database/postgres.go:98 server/internal/database.(*postgresDB).PingEveryMinuts() Ping success                                 
[36mINFO[0m[0064]/home/mvmir/Рабочий стол/github/html_server_translate/serv_az/server/internal/database/postgres.go:76 server/internal/database.(*postgresDB).PingEveryMinuts() FOR                                          
[36mINFO[0m[0124]/home/mvmir/Рабочий стол/github/html_server_translate/serv_az/server/internal/database/postgres.go:98 server/internal/database.(*postgresDB).PingEveryMinuts() Ping success                                 
[36mINFO[0m[0124]/home/mvmir/Рабочий стол/github/html_server_translate/serv_az/server/internal/database/postgres.go:76 server/internal/database.(*postgresDB).PingEveryMinuts() FOR                                          
[36mINFO[0m[0003]/home/mvmir/Рабочий стол/github/html_server_translate/serv_az/server/internal/log/log.go:32 server/internal/log.NewLogAndSetLevel() Logger has been configurated                 
[36mINFO[0m[0003]/home/mvmir/Рабочий стол/github/html_server_translate/serv_az/server/internal/config/config.go:60 server/internal/config.NewConfig() Config has been parsed                       
[36mINFO[0m[0003]/home/mvmir/Рабочий стол/github/html_server_translate/serv_az/server/internal/log/log.go:44 server/internal/log.SetLevel() logger level has been configurated           
[36mINFO[0m[0004]/home/mvmir/Рабочий стол/github/html_server_translate/serv_az/server/internal/database/postgres.go:67 server/internal/database.(*postgresDB).SetupDatabase() DB Postgres has been connected, DB.Ping success  
[36mINFO[0m[0004]/home/mvmir/Рабочий стол/github/html_server_translate/serv_az/server/internal/database/postgres.go:76 server/internal/database.(*postgresDB).PingEveryMinuts() FOR                                          
[36mINFO[0m[0004]/home/mvmir/Рабочий стол/github/html_server_translate/serv_az/server/internal/server/server.go:301 server/internal/server.(*server).initializeTemplates() Templates have been registered               
[36mINFO[0m[0004]/home/mvmir/Рабочий стол/github/html_server_translate/serv_az/server/internal/server/server.go:51 server/internal/server.(*server).initializeRoutes() server INIT                                  
[36mINFO[0m[0004]/home/mvmir/Рабочий стол/github/html_server_translate/serv_az/server/internal/server/server.go:154 server/internal/server.Run() Listening HTTP service on 8081 port          
[36mINFO[0m[1805]/home/mvmir/Рабочий стол/github/html_server_translate/serv_az/server/internal/database/postgres.go:98 server/internal/database.(*postgresDB).PingEveryMinuts() Ping success                                 
[36mINFO[0m[1805]/home/mvmir/Рабочий стол/github/html_server_translate/serv_az/server/internal/database/postgres.go:76 server/internal/database.(*postgresDB).PingEveryMinuts() FOR                                          
[36mINFO[0m[3605]/home/mvmir/Рабочий стол/github/html_server_translate/serv_az/server/internal/database/postgres.go:98 server/internal/database.(*postgresDB).PingEveryMinuts() Ping success                                 
[36mINFO[0m[3605]/home/mvmir/Рабочий стол/github/html_server_translate/serv_az/server/internal/database/postgres.go:76 server/internal/database.(*postgresDB).PingEveryMinuts() FOR                                          
[36mINFO[0m[5405]/home/mvmir/Рабочий стол/github/html_server_translate/serv_az/server/internal/database/postgres.go:98 server/internal/database.(*postgresDB).PingEveryMinuts() Ping success                                 
[36mINFO[0m[5405]/home/mvmir/Рабочий стол/github/html_server_translate/serv_az/server/internal/database/postgres.go:76 server/internal/database.(*postgresDB).PingEveryMinuts() FOR                                          
[36mINFO[0m[7205]/home/mvmir/Рабочий стол/github/html_server_translate/serv_az/server/internal/database/postgres.go:98 server/internal/database.(*postgresDB).PingEveryMinuts() Ping success                                 
[36mINFO[0m[7205]/home/mvmir/Рабочий стол/github/html_server_translate/serv_az/server/internal/database/postgres.go:76 server/internal/database.(*postgresDB).PingEveryMinuts() FOR                                          
[36mINFO[0m[9005]/home/mvmir/Рабочий стол/github/html_server_translate/serv_az/server/internal/database/postgres.go:98 server/internal/database.(*postgresDB).PingEveryMinuts() Ping success                                 
[36mINFO[0m[9005]/home/mvmir/Рабочий стол/github/html_server_translate/serv_az/server/internal/database/postgres.go:76 server/internal/database.(*postgresDB).PingEveryMinuts() FOR                                          
[36mINFO[0m[10805]/home/mvmir/Рабочий стол/github/html_server_translate/serv_az/server/internal/database/postgres.go:98 server/internal/database.(*postgresDB).PingEveryMinuts() Ping success                                 
[36mINFO[0m[10805]/home/mvmir/Рабочий стол/github/html_server_translate/serv_az/server/internal/database/postgres.go:76 server/internal/database.(*postgresDB).PingEveryMinuts() FOR                                          
[36mINFO[0m[12605]/home/mvmir/Рабочий стол/github/html_server_translate/serv_az/server/internal/database/postgres.go:98 server/internal/database.(*postgresDB).PingEveryMinuts() Ping success                                 
[36mINFO[0m[12605]/home/mvmir/Рабочий стол/github/html_server_translate/serv_az/server/internal/database/postgres.go:76 server/internal/database.(*postgresDB).PingEveryMinuts() FOR                                          
[36mINFO[0m[14405]/home/mvmir/Рабочий стол/github/html_server_translate/serv_az/server/internal/database/postgres.go:98 server/internal/database.(*postgresDB).PingEveryMinuts() Ping success                                 
[36mINFO[0m[14405]/home/mvmir/Рабочий стол/github/html_server_translate/serv_az/server/internal/database/postgres.go:76 server/internal/database.(*postgresDB).PingEveryMinuts() FOR                                          
[36mINFO[0m[16205]/home/mvmir/Рабочий стол/github/html_server_translate/serv_az/server/internal/database/postgres.go:98 server/internal/database.(*postgresDB).PingEveryMinuts() Ping success                                 
[36mINFO[0m[16205]/home/mvmir/Рабочий стол/github/html_server_translate/serv_az/server/internal/database/postgres.go:76 server/internal/database.(*postgresDB).PingEveryMinuts() FOR                                          
[36mINFO[0m[18005]/home/mvmir/Рабочий стол/github/html_server_translate/serv_az/server/internal/database/postgres.go:98 server/internal/database.(*postgresDB).PingEveryMinuts() Ping success                                 
[36mINFO[0m[18005]/home/mvmir/Рабочий стол/github/html_server_translate/serv_az/server/internal/database/postgres.go:76 server/internal/database.(*postgresDB).PingEveryMinuts() FOR                                          
[36mINFO[0m[19809]/home/mvmir/Рабочий стол/github/html_server_translate/serv_az/server/internal/database/postgres.go:98 server/internal/database.(*postgresDB).PingEveryMinuts() Ping success                                 
[36mINFO[0m[19809]/home/mvmir/Рабочий стол/github/html_server_translate/serv_az/server/internal/database/postgres.go:76 server/internal/database.(*postgresDB).PingEveryMinuts() FOR                                          
[36mINFO[0m[0003]/home/mvmir/Рабочий стол/github/html_server_translate/serv_az/server/internal/log/log.go:32 server/internal/log.NewLogAndSetLevel() Logger has been configurated                 
[36mINFO[0m[0003]/home/mvmir/Рабочий стол/github/html_server_translate/serv_az/server/internal/config/config.go:60 server/internal/config.NewConfig() Config has been parsed                       
[36mINFO[0m[0003]/home/mvmir/Рабочий стол/github/html_server_translate/serv_az/server/internal/log/log.go:44 server/internal/log.SetLevel() logger level has been configurated           
[36mINFO[0m[0004]/home/mvmir/Рабочий стол/github/html_server_translate/serv_az/server/internal/database/postgres.go:69 server/internal/database.(*postgresDB).SetupDatabase() DB Postgres has been connected, DB.Ping success  
[36mINFO[0m[0004]/home/mvmir/Рабочий стол/github/html_server_translate/serv_az/server/internal/server/server.go:301 server/internal/server.(*server).initializeTemplates() Templates have been registered               
[36mINFO[0m[0004]/home/mvmir/Рабочий стол/github/html_server_translate/serv_az/server/internal/server/server.go:51 server/internal/server.(*server).initializeRoutes() server INIT                                  
[36mINFO[0m[0004]/home/mvmir/Рабочий стол/github/html_server_translate/serv_az/server/internal/server/server.go:154 server/internal/server.Run() Listening HTTP service on 8081 port          
[36mINFO[0m[0064]/home/mvmir/Рабочий стол/github/html_server_translate/serv_az/server/internal/database/postgres.go:98 server/internal/database.(*postgresDB).PingEveryMinuts() Ping success                                 
[36mINFO[0m[0124]/home/mvmir/Рабочий стол/github/html_server_translate/serv_az/server/internal/database/postgres.go:98 server/internal/database.(*postgresDB).PingEveryMinuts() Ping success                                 
[36mINFO[0m[0003]/home/mvmir/Рабочий стол/github/html_server_translate/serv_az/server/internal/log/log.go:32 server/internal/log.NewLogAndSetLevel() Logger has been configurated                 
[36mINFO[0m[0003]/home/mvmir/Рабочий стол/github/html_server_translate/serv_az/server/internal/config/config.go:60 server/internal/config.NewConfig() Config has been parsed                       
[36mINFO[0m[0003]/home/mvmir/Рабочий стол/github/html_server_translate/serv_az/server/internal/log/log.go:44 server/internal/log.SetLevel() logger level has been configurated           
[36mINFO[0m[0004]/home/mvmir/Рабочий стол/github/html_server_translate/serv_az/server/internal/database/postgres.go:69 server/internal/database.(*postgresDB).SetupDatabase() DB Postgres has been connected, DB.Ping success  
[36mINFO[0m[0004]/home/mvmir/Рабочий стол/github/html_server_translate/serv_az/server/internal/server/server.go:300 server/internal/server.(*server).initializeTemplates() Templates have been registered               
[36mINFO[0m[0004]/home/mvmir/Рабочий стол/github/html_server_translate/serv_az/server/internal/server/server.go:51 server/internal/server.(*server).initializeRoutes() server INIT                                  
[36mINFO[0m[0004]/home/mvmir/Рабочий стол/github/html_server_translate/serv_az/server/internal/server/server.go:153 server/internal/server.Run() Listening HTTP service on 8081 port          
[36mINFO[0m[0064]/home/mvmir/Рабочий стол/github/html_server_translate/serv_az/server/internal/database/postgres.go:98 server/internal/database.(*postgresDB).PingEveryMinuts() Ping success                                 
[36mINFO[0m[0124]/home/mvmir/Рабочий стол/github/html_server_translate/serv_az/server/internal/database/postgres.go:98 server/internal/database.(*postgresDB).PingEveryMinuts() Ping success                                 
