[36mINFO[0m[0003]/home/mvmir/Рабочий стол/github/html_server_translate/serv_az/server/internal/log/log.go:32 server/internal/log.NewLogAndSetLevel() Logger has been configurated                 
[36mINFO[0m[0003]/home/mvmir/Рабочий стол/github/html_server_translate/serv_az/server/internal/config/config.go:60 server/internal/config.NewConfig() Config has been parsed                       
[36mINFO[0m[0003]/home/mvmir/Рабочий стол/github/html_server_translate/serv_az/server/internal/log/log.go:44 server/internal/log.SetLevel() logger level has been configurated           
[36mINFO[0m[0009]/home/mvmir/Рабочий стол/github/html_server_translate/serv_az/server/internal/database/postgres.go:67 server/internal/database.(*postgresDB).SetupDatabase() DB Postgres has been connected, DB.Ping success  
[36mINFO[0m[0009]/home/mvmir/Рабочий стол/github/html_server_translate/serv_az/server/internal/database/postgres.go:76 server/internal/database.(*postgresDB).PingEveryMinuts() FOR                                          
[36mINFO[0m[0009]/home/mvmir/Рабочий стол/github/html_server_translate/serv_az/server/internal/server/server.go:301 server/internal/server.(*server).initializeTemplates() Templates have been registered               
[36mINFO[0m[0009]/home/mvmir/Рабочий стол/github/html_server_translate/serv_az/server/internal/server/server.go:51 server/internal/server.(*server).initializeRoutes() server INIT                                  
[36mINFO[0m[0009]/home/mvmir/Рабочий стол/github/html_server_translate/serv_az/server/internal/server/server.go:154 server/internal/server.Run() Listening HTTP service on 8081 port          
[36mINFO[0m[0003]/home/mvmir/Рабочий стол/github/html_server_translate/serv_az/server/internal/log/log.go:32 server/internal/log.NewLogAndSetLevel() Logger has been configurated                 
[36mINFO[0m[0003]/home/mvmir/Рабочий стол/github/html_server_translate/serv_az/server/internal/config/config.go:60 server/internal/config.NewConfig() Config has been parsed                       
[36mINFO[0m[0003]/home/mvmir/Рабочий стол/github/html_server_translate/serv_az/server/internal/log/log.go:44 server/internal/log.SetLevel() logger level has been configurated           
[36mINFO[0m[0003]/home/mvmir/Рабочий стол/github/html_server_translate/serv_az/server/internal/database/postgres.go:67 server/internal/database.(*postgresDB).SetupDatabase() DB Postgres has been connected, DB.Ping success  
[36mINFO[0m[0003]/home/mvmir/Рабочий стол/github/html_server_translate/serv_az/server/internal/database/postgres.go:76 server/internal/database.(*postgresDB).PingEveryMinuts() FOR                                          
[36mINFO[0m[0004]/home/mvmir/Рабочий стол/github/html_server_translate/serv_az/server/internal/server/server.go:301 server/internal/server.(*server).initializeTemplates() Templates have been registered               
[36mINFO[0m[0004]/home/mvmir/Рабочий стол/github/html_server_translate/serv_az/server/internal/server/server.go:51 server/internal/server.(*server).initializeRoutes() server INIT                                  
[36mINFO[0m[0004]/home/mvmir/Рабочий стол/github/html_server_translate/serv_az/server/internal/server/server.go:154 server/internal/server.Run() Listening HTTP service on 8081 port          
[31mERRO[0m[0058]/home/mvmir/Рабочий стол/github/html_server_translate/serv_az/server/internal/server/middlewares.go:44 server/internal/server.(*server).jwtAuthentication.func1() MIDDLEWARE_ERR: Failed to JWTMiddlewareErr : [Vars Authorization] 
[36mINFO[0m[0003]/home/mvmir/Рабочий стол/github/html_server_translate/serv_az/server/internal/log/log.go:32 server/internal/log.NewLogAndSetLevel() Logger has been configurated                 
[36mINFO[0m[0003]/home/mvmir/Рабочий стол/github/html_server_translate/serv_az/server/internal/config/config.go:60 server/internal/config.NewConfig() Config has been parsed                       
[36mINFO[0m[0003]/home/mvmir/Рабочий стол/github/html_server_translate/serv_az/server/internal/log/log.go:44 server/internal/log.SetLevel() logger level has been configurated           
[36mINFO[0m[0003]/home/mvmir/Рабочий стол/github/html_server_translate/serv_az/server/internal/database/postgres.go:67 server/internal/database.(*postgresDB).SetupDatabase() DB Postgres has been connected, DB.Ping success  
[36mINFO[0m[0003]/home/mvmir/Рабочий стол/github/html_server_translate/serv_az/server/internal/database/postgres.go:76 server/internal/database.(*postgresDB).PingEveryMinuts() FOR                                          
[36mINFO[0m[0004]/home/mvmir/Рабочий стол/github/html_server_translate/serv_az/server/internal/server/server.go:301 server/internal/server.(*server).initializeTemplates() Templates have been registered               
[36mINFO[0m[0004]/home/mvmir/Рабочий стол/github/html_server_translate/serv_az/server/internal/server/server.go:51 server/internal/server.(*server).initializeRoutes() server INIT                                  
[36mINFO[0m[0004]/home/mvmir/Рабочий стол/github/html_server_translate/serv_az/server/internal/server/server.go:154 server/internal/server.Run() Listening HTTP service on 8081 port          
[36mINFO[0m[0124]/home/mvmir/Рабочий стол/github/html_server_translate/serv_az/server/internal/database/postgres.go:98 server/internal/database.(*postgresDB).PingEveryMinuts() Ping success                                 
[36mINFO[0m[0003]/home/mvmir/Рабочий стол/github/html_server_translate/serv_az/server/internal/log/log.go:32 server/internal/log.NewLogAndSetLevel() Logger has been configurated                 
[36mINFO[0m[0003]/home/mvmir/Рабочий стол/github/html_server_translate/serv_az/server/internal/config/config.go:60 server/internal/config.NewConfig() Config has been parsed                       
[36mINFO[0m[0003]/home/mvmir/Рабочий стол/github/html_server_translate/serv_az/server/internal/log/log.go:44 server/internal/log.SetLevel() logger level has been configurated           
[36mINFO[0m[0004]/home/mvmir/Рабочий стол/github/html_server_translate/serv_az/server/internal/database/postgres.go:67 server/internal/database.(*postgresDB).SetupDatabase() DB Postgres has been connected, DB.Ping success  
[36mINFO[0m[0004]/home/mvmir/Рабочий стол/github/html_server_translate/serv_az/server/internal/database/postgres.go:76 server/internal/database.(*postgresDB).PingEveryMinuts() FOR                                          
[36mINFO[0m[0004]/home/mvmir/Рабочий стол/github/html_server_translate/serv_az/server/internal/server/server.go:301 server/internal/server.(*server).initializeTemplates() Templates have been registered               
[36mINFO[0m[0004]/home/mvmir/Рабочий стол/github/html_server_translate/serv_az/server/internal/server/server.go:51 server/internal/server.(*server).initializeRoutes() server INIT                                  
[36mINFO[0m[0004]/home/mvmir/Рабочий стол/github/html_server_translate/serv_az/server/internal/server/server.go:154 server/internal/server.Run() Listening HTTP service on 8081 port          
[36mINFO[0m[0064]/home/mvmir/Рабочий стол/github/html_server_translate/serv_az/server/internal/database/postgres.go:98 server/internal/database.(*postgresDB).PingEveryMinuts() Ping success                                 
[36mINFO[0m[0064]/home/mvmir/Рабочий стол/github/html_server_translate/serv_az/server/internal/database/postgres.go:76 server/internal/database.(*postgresDB).PingEveryMinuts() FOR                                          
[36mINFO[0m[0124]/home/mvmir/Рабочий стол/github/html_server_translate/serv_az/server/internal/database/postgres.go:98 server/internal/database.(*postgresDB).PingEveryMinuts() Ping success                                 
[36mINFO[0m[0124]/home/mvmir/Рабочий стол/github/html_server_translate/serv_az/server/internal/database/postgres.go:76 server/internal/database.(*postgresDB).PingEveryMinuts() FOR                                          
[36mINFO[0m[0003]/home/mvmir/Рабочий стол/github/html_server_translate/serv_az/server/internal/log/log.go:32 server/internal/log.NewLogAndSetLevel() Logger has been configurated                 
[36mINFO[0m[0003]/home/mvmir/Рабочий стол/github/html_server_translate/serv_az/server/internal/config/config.go:60 server/internal/config.NewConfig() Config has been parsed                       
[36mINFO[0m[0003]/home/mvmir/Рабочий стол/github/html_server_translate/serv_az/server/internal/log/log.go:44 server/internal/log.SetLevel() logger level has been configurated           
[36mINFO[0m[0004]/home/mvmir/Рабочий стол/github/html_server_translate/serv_az/server/internal/database/postgres.go:67 server/internal/database.(*postgresDB).SetupDatabase() DB Postgres has been connected, DB.Ping success  
[36mINFO[0m[0004]/home/mvmir/Рабочий стол/github/html_server_translate/serv_az/server/internal/database/postgres.go:76 server/internal/database.(*postgresDB).PingEveryMinuts() FOR                                          
[36mINFO[0m[0004]/home/mvmir/Рабочий стол/github/html_server_translate/serv_az/server/internal/server/server.go:301 server/internal/server.(*server).initializeTemplates() Templates have been registered               
[36mINFO[0m[0004]/home/mvmir/Рабочий стол/github/html_server_translate/serv_az/server/internal/server/server.go:51 server/internal/server.(*server).initializeRoutes() server INIT                                  
[36mINFO[0m[0004]/home/mvmir/Рабочий стол/github/html_server_translate/serv_az/server/internal/server/server.go:154 server/internal/server.Run() Listening HTTP service on 8081 port          
[36mINFO[0m[1805]/home/mvmir/Рабочий стол/github/html_server_translate/serv_az/server/internal/database/postgres.go:98 server/internal/database.(*postgresDB).PingEveryMinuts() Ping success                                 
[36mINFO[0m[1805]/home/mvmir/Рабочий стол/github/html_server_translate/serv_az/server/internal/database/postgres.go:76 server/internal/database.(*postgresDB).PingEveryMinuts() FOR                                          
[36mINFO[0m[3605]/home/mvmir/Рабочий стол/github/html_server_translate/serv_az/server/internal/database/postgres.go:98 server/internal/database.(*postgresDB).PingEveryMinuts() Ping success                                 
[36mINFO[0m[3605]/home/mvmir/Рабочий стол/github/html_server_translate/serv_az/server/internal/database/postgres.go:76 server/internal/database.(*postgresDB).PingEveryMinuts() FOR                                          
[36mINFO[0m[5405]/home/mvmir/Рабочий стол/github/html_server_translate/serv_az/server/internal/database/postgres.go:98 server/internal/database.(*postgresDB).PingEveryMinuts() Ping success                                 
[36mINFO[0m[5405]/home/mvmir/Рабочий стол/github/html_server_translate/serv_az/server/internal/database/postgres.go:76 server/internal/database.(*postgresDB).PingEveryMinuts() FOR                                          
[36mINFO[0m[7205]/home/mvmir/Рабочий стол/github/html_server_translate/serv_az/server/internal/database/postgres.go:98 server/internal/database.(*postgresDB).PingEveryMinuts() Ping success                                 
[36mINFO[0m[7205]/home/mvmir/Рабочий стол/github/html_server_translate/serv_az/server/internal/database/postgres.go:76 server/internal/database.(*postgresDB).PingEveryMinuts() FOR                                          
[36mINFO[0m[9005]/home/mvmir/Рабочий стол/github/html_server_translate/serv_az/server/internal/database/postgres.go:98 server/internal/database.(*postgresDB).PingEveryMinuts() Ping success                                 
[36mINFO[0m[9005]/home/mvmir/Рабочий стол/github/html_server_translate/serv_az/server/internal/database/postgres.go:76 server/internal/database.(*postgresDB).PingEveryMinuts() FOR                                          
[36mINFO[0m[10805]/home/mvmir/Рабочий стол/github/html_server_translate/serv_az/server/internal/database/postgres.go:98 server/internal/database.(*postgresDB).PingEveryMinuts() Ping success                                 
[36mINFO[0m[10805]/home/mvmir/Рабочий стол/github/html_server_translate/serv_az/server/internal/database/postgres.go:76 server/internal/database.(*postgresDB).PingEveryMinuts() FOR                                          
[36mINFO[0m[12605]/home/mvmir/Рабочий стол/github/html_server_translate/serv_az/server/internal/database/postgres.go:98 server/internal/database.(*postgresDB).PingEveryMinuts() Ping success                                 
[36mINFO[0m[12605]/home/mvmir/Рабочий стол/github/html_server_translate/serv_az/server/internal/database/postgres.go:76 server/internal/database.(*postgresDB).PingEveryMinuts() FOR                                          
[36mINFO[0m[14405]/home/mvmir/Рабочий стол/github/html_server_translate/serv_az/server/internal/database/postgres.go:98 server/internal/database.(*postgresDB).PingEveryMinuts() Ping success                                 
[36mINFO[0m[14405]/home/mvmir/Рабочий стол/github/html_server_translate/serv_az/server/internal/database/postgres.go:76 server/internal/database.(*postgresDB).PingEveryMinuts() FOR                                          
[36mINFO[0m[16205]/home/mvmir/Рабочий стол/github/html_server_translate/serv_az/server/internal/database/postgres.go:98 server/internal/database.(*postgresDB).PingEveryMinuts() Ping success                                 
[36mINFO[0m[16205]/home/mvmir/Рабочий стол/github/html_server_translate/serv_az/server/internal/database/postgres.go:76 server/internal/database.(*postgresDB).PingEveryMinuts() FOR                                          
[36mINFO[0m[18005]/home/mvmir/Рабочий стол/github/html_server_translate/serv_az/server/internal/database/postgres.go:98 server/internal/database.(*postgresDB).PingEveryMinuts() Ping success                                 
[36mINFO[0m[18005]/home/mvmir/Рабочий стол/github/html_server_translate/serv_az/server/internal/database/postgres.go:76 server/internal/database.(*postgresDB).PingEveryMinuts() FOR                                          
[36mINFO[0m[19809]/home/mvmir/Рабочий стол/github/html_server_translate/serv_az/server/internal/database/postgres.go:98 server/internal/database.(*postgresDB).PingEveryMinuts() Ping success                                 
[36mINFO[0m[19809]/home/mvmir/Рабочий стол/github/html_server_translate/serv_az/server/internal/database/postgres.go:76 server/internal/database.(*postgresDB).PingEveryMinuts() FOR                                          
[36mINFO[0m[0003]/home/mvmir/Рабочий стол/github/html_server_translate/serv_az/server/internal/log/log.go:32 server/internal/log.NewLogAndSetLevel() Logger has been configurated                 
[36mINFO[0m[0003]/home/mvmir/Рабочий стол/github/html_server_translate/serv_az/server/internal/config/config.go:60 server/internal/config.NewConfig() Config has been parsed                       
[36mINFO[0m[0003]/home/mvmir/Рабочий стол/github/html_server_translate/serv_az/server/internal/log/log.go:44 server/internal/log.SetLevel() logger level has been configurated           
[36mINFO[0m[0004]/home/mvmir/Рабочий стол/github/html_server_translate/serv_az/server/internal/database/postgres.go:69 server/internal/database.(*postgresDB).SetupDatabase() DB Postgres has been connected, DB.Ping success  
[36mINFO[0m[0004]/home/mvmir/Рабочий стол/github/html_server_translate/serv_az/server/internal/server/server.go:301 server/internal/server.(*server).initializeTemplates() Templates have been registered               
[36mINFO[0m[0004]/home/mvmir/Рабочий стол/github/html_server_translate/serv_az/server/internal/server/server.go:51 server/internal/server.(*server).initializeRoutes() server INIT                                  
[36mINFO[0m[0004]/home/mvmir/Рабочий стол/github/html_server_translate/serv_az/server/internal/server/server.go:154 server/internal/server.Run() Listening HTTP service on 8081 port          
[36mINFO[0m[0064]/home/mvmir/Рабочий стол/github/html_server_translate/serv_az/server/internal/database/postgres.go:98 server/internal/database.(*postgresDB).PingEveryMinuts() Ping success                                 
[36mINFO[0m[0124]/home/mvmir/Рабочий стол/github/html_server_translate/serv_az/server/internal/database/postgres.go:98 server/internal/database.(*postgresDB).PingEveryMinuts() Ping success                                 
[36mINFO[0m[0003]/home/mvmir/Рабочий стол/github/html_server_translate/serv_az/server/internal/log/log.go:32 server/internal/log.NewLogAndSetLevel() Logger has been configurated                 
[36mINFO[0m[0003]/home/mvmir/Рабочий стол/github/html_server_translate/serv_az/server/internal/config/config.go:60 server/internal/config.NewConfig() Config has been parsed                       
[36mINFO[0m[0003]/home/mvmir/Рабочий стол/github/html_server_translate/serv_az/server/internal/log/log.go:44 server/internal/log.SetLevel() logger level has been configurated           
[36mINFO[0m[0004]/home/mvmir/Рабочий стол/github/html_server_translate/serv_az/server/internal/database/postgres.go:69 server/internal/database.(*postgresDB).SetupDatabase() DB Postgres has been connected, DB.Ping success  
[36mINFO[0m[0004]/home/mvmir/Рабочий стол/github/html_server_translate/serv_az/server/internal/server/server.go:300 server/internal/server.(*server).initializeTemplates() Templates have been registered               
[36mINFO[0m[0004]/home/mvmir/Рабочий стол/github/html_server_translate/serv_az/server/internal/server/server.go:51 server/internal/server.(*server).initializeRoutes() server INIT                                  
[36mINFO[0m[0004]/home/mvmir/Рабочий стол/github/html_server_translate/serv_az/server/internal/server/server.go:153 server/internal/server.Run() Listening HTTP service on 8081 port          
[36mINFO[0m[0064]/home/mvmir/Рабочий стол/github/html_server_translate/serv_az/server/internal/database/postgres.go:98 server/internal/database.(*postgresDB).PingEveryMinuts() Ping success                                 
[36mINFO[0m[0124]/home/mvmir/Рабочий стол/github/html_server_translate/serv_az/server/internal/database/postgres.go:98 server/internal/database.(*postgresDB).PingEveryMinuts() Ping success                                 
[36mINFO[0m[0003]/home/mvmir/Рабочий стол/github/html_server_translate/serv_az/server/internal/log/log.go:32 server/internal/log.NewLogAndSetLevel() Logger has been configurated                 
[36mINFO[0m[0003]/home/mvmir/Рабочий стол/github/html_server_translate/serv_az/server/internal/config/config.go:74 server/internal/config.NewConfig() Config has been parsed                       
[36mINFO[0m[0003]/home/mvmir/Рабочий стол/github/html_server_translate/serv_az/server/internal/log/log.go:44 server/internal/log.SetLevel() logger level has been configurated           
[36mINFO[0m[0004]/home/mvmir/Рабочий стол/github/html_server_translate/serv_az/server/internal/database/postgres.go:69 server/internal/database.(*postgresDB).SetupDatabase() DB Postgres has been connected, DB.Ping success  
[36mINFO[0m[0004]/home/mvmir/Рабочий стол/github/html_server_translate/serv_az/server/internal/server/server.go:314 server/internal/server.(*server).initializeTemplates() Templates have been registered               
[36mINFO[0m[0004]/home/mvmir/Рабочий стол/github/html_server_translate/serv_az/server/internal/server/server.go:54 server/internal/server.(*server).initializeRoutes() server INIT                                  
[36mINFO[0m[0004]/home/mvmir/Рабочий стол/github/html_server_translate/serv_az/server/internal/server/server.go:159 server/internal/server.Run() Listening HTTP service on 8081 port          
[31mERRO[0m[0027]/home/mvmir/Рабочий стол/github/html_server_translate/serv_az/server/internal/server/middlewares.go:44 server/internal/server.(*server).jwtAuthentication.func1() MIDDLEWARE_ERR: Failed to JWTMiddlewareErr : [Vars Authorization] 
[31mERRO[0m[0030]/home/mvmir/Рабочий стол/github/html_server_translate/serv_az/server/internal/server/middlewares.go:44 server/internal/server.(*server).jwtAuthentication.func1() MIDDLEWARE_ERR: Failed to JWTMiddlewareErr : [Vars Authorization] 
[36mINFO[0m[0003]/home/mvmir/Рабочий стол/github/html_server_translate/serv_az/server/internal/log/log.go:32 server/internal/log.NewLogAndSetLevel() Logger has been configurated                 
[36mINFO[0m[0003]/home/mvmir/Рабочий стол/github/html_server_translate/serv_az/server/internal/config/config.go:74 server/internal/config.NewConfig() Config has been parsed                       
[36mINFO[0m[0003]/home/mvmir/Рабочий стол/github/html_server_translate/serv_az/server/internal/log/log.go:44 server/internal/log.SetLevel() logger level has been configurated           
[36mINFO[0m[0004]/home/mvmir/Рабочий стол/github/html_server_translate/serv_az/server/internal/database/postgres.go:69 server/internal/database.(*postgresDB).SetupDatabase() DB Postgres has been connected, DB.Ping success  
[36mINFO[0m[0005]/home/mvmir/Рабочий стол/github/html_server_translate/serv_az/server/internal/server/server.go:314 server/internal/server.(*server).initializeTemplates() Templates have been registered               
[36mINFO[0m[0005]/home/mvmir/Рабочий стол/github/html_server_translate/serv_az/server/internal/server/server.go:54 server/internal/server.(*server).initializeRoutes() server INIT                                  
[36mINFO[0m[0005]/home/mvmir/Рабочий стол/github/html_server_translate/serv_az/server/internal/server/server.go:159 server/internal/server.Run() Listening HTTP service on 8081 port          
[31mERRO[0m[0009]/home/mvmir/Рабочий стол/github/html_server_translate/serv_az/server/internal/server/middlewares.go:44 server/internal/server.(*server).jwtAuthentication.func1() MIDDLEWARE_ERR: Failed to JWTMiddlewareErr : [Vars Authorization] 
[31mERRO[0m[0012]/home/mvmir/Рабочий стол/github/html_server_translate/serv_az/server/internal/server/handlers.go:827 server/internal/server.(*server).getIdANdRoleFromRequest() HANDLERS_ERR: Failed to GetIdANdRoleFromRequestErr : [UserIdErr] 
[31mERRO[0m[0012]/home/mvmir/Рабочий стол/github/html_server_translate/serv_az/server/internal/server/handlers.go:258 server/internal/server.(*server).restoreUserPasswordHandler.func1() HANDLERS_ERR: Failed to restoreUserPasswordHandlerErr : [UserIdErr] 
[36mINFO[0m[0003]/home/mvmir/Рабочий стол/github/html_server_translate/serv_az/server/internal/log/log.go:32 server/internal/log.NewLogAndSetLevel() Logger has been configurated                 
[36mINFO[0m[0003]/home/mvmir/Рабочий стол/github/html_server_translate/serv_az/server/internal/config/config.go:74 server/internal/config.NewConfig() Config has been parsed                       
[36mINFO[0m[0003]/home/mvmir/Рабочий стол/github/html_server_translate/serv_az/server/internal/log/log.go:44 server/internal/log.SetLevel() logger level has been configurated           
[36mINFO[0m[0004]/home/mvmir/Рабочий стол/github/html_server_translate/serv_az/server/internal/database/postgres.go:69 server/internal/database.(*postgresDB).SetupDatabase() DB Postgres has been connected, DB.Ping success  
[36mINFO[0m[0008]/home/mvmir/Рабочий стол/github/html_server_translate/serv_az/server/internal/server/server.go:314 server/internal/server.(*server).initializeTemplates() Templates have been registered               
[36mINFO[0m[0008]/home/mvmir/Рабочий стол/github/html_server_translate/serv_az/server/internal/server/server.go:54 server/internal/server.(*server).initializeRoutes() server INIT                                  
[36mINFO[0m[0008]/home/mvmir/Рабочий стол/github/html_server_translate/serv_az/server/internal/server/server.go:159 server/internal/server.Run() Listening HTTP service on 8081 port          
[31mERRO[0m[0020]/home/mvmir/Рабочий стол/github/html_server_translate/serv_az/server/internal/server/middlewares.go:44 server/internal/server.(*server).jwtAuthentication.func1() MIDDLEWARE_ERR: Failed to JWTMiddlewareErr : [Vars Authorization] 
[31mERRO[0m[0073]/home/mvmir/Рабочий стол/github/html_server_translate/serv_az/server/internal/server/middlewares.go:44 server/internal/server.(*server).jwtAuthentication.func1() MIDDLEWARE_ERR: Failed to JWTMiddlewareErr : [Vars Authorization] 
[31mERRO[0m[0084]/home/mvmir/Рабочий стол/github/html_server_translate/serv_az/server/internal/server/middlewares.go:44 server/internal/server.(*server).jwtAuthentication.func1() MIDDLEWARE_ERR: Failed to JWTMiddlewareErr : [Vars Authorization] 
[36mINFO[0m[0003]/home/mvmir/Рабочий стол/github/html_server_translate/serv_az/server/internal/log/log.go:32 server/internal/log.NewLogAndSetLevel() Logger has been configurated                 
[36mINFO[0m[0003]/home/mvmir/Рабочий стол/github/html_server_translate/serv_az/server/internal/config/config.go:74 server/internal/config.NewConfig() Config has been parsed                       
[36mINFO[0m[0003]/home/mvmir/Рабочий стол/github/html_server_translate/serv_az/server/internal/log/log.go:44 server/internal/log.SetLevel() logger level has been configurated           
[36mINFO[0m[0004]/home/mvmir/Рабочий стол/github/html_server_translate/serv_az/server/internal/database/postgres.go:69 server/internal/database.(*postgresDB).SetupDatabase() DB Postgres has been connected, DB.Ping success  
[36mINFO[0m[0004]/home/mvmir/Рабочий стол/github/html_server_translate/serv_az/server/internal/server/server.go:314 server/internal/server.(*server).initializeTemplates() Templates have been registered               
[36mINFO[0m[0004]/home/mvmir/Рабочий стол/github/html_server_translate/serv_az/server/internal/server/server.go:54 server/internal/server.(*server).initializeRoutes() server INIT                                  
[36mINFO[0m[0004]/home/mvmir/Рабочий стол/github/html_server_translate/serv_az/server/internal/server/server.go:159 server/internal/server.Run() Listening HTTP service on 8081 port          
[36mINFO[0m[0003]/home/mvmir/Рабочий стол/github/html_server_translate/serv_az/server/internal/log/log.go:32 server/internal/log.NewLogAndSetLevel() Logger has been configurated                 
[36mINFO[0m[0003]/home/mvmir/Рабочий стол/github/html_server_translate/serv_az/server/internal/config/config.go:74 server/internal/config.NewConfig() Config has been parsed                       
[36mINFO[0m[0003]/home/mvmir/Рабочий стол/github/html_server_translate/serv_az/server/internal/log/log.go:44 server/internal/log.SetLevel() logger level has been configurated           
[36mINFO[0m[0003]/home/mvmir/Рабочий стол/github/html_server_translate/serv_az/server/internal/database/postgres.go:69 server/internal/database.(*postgresDB).SetupDatabase() DB Postgres has been connected, DB.Ping success  
[36mINFO[0m[0004]/home/mvmir/Рабочий стол/github/html_server_translate/serv_az/server/internal/server/server.go:314 server/internal/server.(*server).initializeTemplates() Templates have been registered               
[36mINFO[0m[0004]/home/mvmir/Рабочий стол/github/html_server_translate/serv_az/server/internal/server/server.go:54 server/internal/server.(*server).initializeRoutes() server INIT                                  
[36mINFO[0m[0004]/home/mvmir/Рабочий стол/github/html_server_translate/serv_az/server/internal/server/server.go:159 server/internal/server.Run() Listening HTTP service on 8081 port          
[36mINFO[0m[0003]/home/mvmir/Рабочий стол/github/html_server_translate/serv_az/server/internal/log/log.go:32 server/internal/log.NewLogAndSetLevel() Logger has been configurated                 
[36mINFO[0m[0003]/home/mvmir/Рабочий стол/github/html_server_translate/serv_az/server/internal/config/config.go:74 server/internal/config.NewConfig() Config has been parsed                       
[36mINFO[0m[0003]/home/mvmir/Рабочий стол/github/html_server_translate/serv_az/server/internal/log/log.go:44 server/internal/log.SetLevel() logger level has been configurated           
[36mINFO[0m[0004]/home/mvmir/Рабочий стол/github/html_server_translate/serv_az/server/internal/database/postgres.go:69 server/internal/database.(*postgresDB).SetupDatabase() DB Postgres has been connected, DB.Ping success  
[36mINFO[0m[0004]/home/mvmir/Рабочий стол/github/html_server_translate/serv_az/server/internal/server/server.go:314 server/internal/server.(*server).initializeTemplates() Templates have been registered               
[36mINFO[0m[0004]/home/mvmir/Рабочий стол/github/html_server_translate/serv_az/server/internal/server/server.go:54 server/internal/server.(*server).initializeRoutes() server INIT                                  
[36mINFO[0m[0004]/home/mvmir/Рабочий стол/github/html_server_translate/serv_az/server/internal/server/server.go:159 server/internal/server.Run() Listening HTTP service on 8081 port          
[36mINFO[0m[0003]/home/mvmir/Рабочий стол/github/html_server_translate/serv_az/server/internal/log/log.go:32 server/internal/log.NewLogAndSetLevel() Logger has been configurated                 
[36mINFO[0m[0003]/home/mvmir/Рабочий стол/github/html_server_translate/serv_az/server/internal/config/config.go:74 server/internal/config.NewConfig() Config has been parsed                       
[36mINFO[0m[0003]/home/mvmir/Рабочий стол/github/html_server_translate/serv_az/server/internal/log/log.go:44 server/internal/log.SetLevel() logger level has been configurated           
[36mINFO[0m[0004]/home/mvmir/Рабочий стол/github/html_server_translate/serv_az/server/internal/database/postgres.go:69 server/internal/database.(*postgresDB).SetupDatabase() DB Postgres has been connected, DB.Ping success  
[36mINFO[0m[0004]/home/mvmir/Рабочий стол/github/html_server_translate/serv_az/server/internal/server/server.go:314 server/internal/server.(*server).initializeTemplates() Templates have been registered               
[36mINFO[0m[0004]/home/mvmir/Рабочий стол/github/html_server_translate/serv_az/server/internal/server/server.go:54 server/internal/server.(*server).initializeRoutes() server INIT                                  
[36mINFO[0m[0004]/home/mvmir/Рабочий стол/github/html_server_translate/serv_az/server/internal/server/server.go:159 server/internal/server.Run() Listening HTTP service on 8081 port          
[31mERRO[0m[0012]/home/mvmir/Рабочий стол/github/html_server_translate/serv_az/server/internal/server/middlewares.go:44 server/internal/server.(*server).jwtAuthentication.func1() MIDDLEWARE_ERR: Failed to JWTMiddlewareErr : [Vars Authorization] 
[31mERRO[0m[0051]/home/mvmir/Рабочий стол/github/html_server_translate/serv_az/server/internal/server/middlewares.go:51 server/internal/server.(*server).jwtAuthentication.func1() MIDDLEWARE_ERR: Failed to JWTMiddlewareErr : [Token is blacklisted] 
[36mINFO[0m[0068]/home/mvmir/Рабочий стол/github/html_server_translate/serv_az/server/internal/server/handlers.go:781 server/internal/server.(*server).getAllUsersHandler.func1() getAllUsersHandler started                   
[36mINFO[0m[0068]/home/mvmir/Рабочий стол/github/html_server_translate/serv_az/server/internal/server/handlers.go:811 server/internal/server.(*server).getAllUsersHandler.func1() getAllUsersHandler sent tamplates            
[31mERRO[0m[0112]/home/mvmir/Рабочий стол/github/html_server_translate/serv_az/server/internal/server/middlewares.go:51 server/internal/server.(*server).jwtAuthentication.func1() MIDDLEWARE_ERR: Failed to JWTMiddlewareErr : [Token is blacklisted] 
[36mINFO[0m[0120]/home/mvmir/Рабочий стол/github/html_server_translate/serv_az/server/internal/services/user_service.go:52 server/internal/services.(*UserService).RestoreUserPassword() ae35e0fb-6a1a-4a99-91b9-646d56b6e55d         
[31mFATA[0m[0122]/home/mvmir/Рабочий стол/github/html_server_translate/serv_az/server/internal/services/user_service.go:61 server/internal/services.(*UserService).RestoreUserPassword() some went wrong                              
[36mINFO[0m[0003]/home/mvmir/Рабочий стол/github/html_server_translate/serv_az/server/internal/log/log.go:32 server/internal/log.NewLogAndSetLevel() Logger has been configurated                 
[36mINFO[0m[0003]/home/mvmir/Рабочий стол/github/html_server_translate/serv_az/server/internal/config/config.go:74 server/internal/config.NewConfig() Config has been parsed                       
[36mINFO[0m[0003]/home/mvmir/Рабочий стол/github/html_server_translate/serv_az/server/internal/log/log.go:44 server/internal/log.SetLevel() logger level has been configurated           
[36mINFO[0m[0004]/home/mvmir/Рабочий стол/github/html_server_translate/serv_az/server/internal/database/postgres.go:69 server/internal/database.(*postgresDB).SetupDatabase() DB Postgres has been connected, DB.Ping success  
[36mINFO[0m[0004]/home/mvmir/Рабочий стол/github/html_server_translate/serv_az/server/internal/server/server.go:314 server/internal/server.(*server).initializeTemplates() Templates have been registered               
[36mINFO[0m[0004]/home/mvmir/Рабочий стол/github/html_server_translate/serv_az/server/internal/server/server.go:54 server/internal/server.(*server).initializeRoutes() server INIT                                  
[36mINFO[0m[0004]/home/mvmir/Рабочий стол/github/html_server_translate/serv_az/server/internal/server/server.go:159 server/internal/server.Run() Listening HTTP service on 8081 port          
[36mINFO[0m[0003]/home/mvmir/Рабочий стол/github/html_server_translate/serv_az/server/internal/log/log.go:32 server/internal/log.NewLogAndSetLevel() Logger has been configurated                 
[36mINFO[0m[0003]/home/mvmir/Рабочий стол/github/html_server_translate/serv_az/server/internal/config/config.go:74 server/internal/config.NewConfig() Config has been parsed                       
[36mINFO[0m[0003]/home/mvmir/Рабочий стол/github/html_server_translate/serv_az/server/internal/log/log.go:44 server/internal/log.SetLevel() logger level has been configurated           
[36mINFO[0m[0004]/home/mvmir/Рабочий стол/github/html_server_translate/serv_az/server/internal/database/postgres.go:69 server/internal/database.(*postgresDB).SetupDatabase() DB Postgres has been connected, DB.Ping success  
[36mINFO[0m[0004]/home/mvmir/Рабочий стол/github/html_server_translate/serv_az/server/internal/server/server.go:314 server/internal/server.(*server).initializeTemplates() Templates have been registered               
[36mINFO[0m[0004]/home/mvmir/Рабочий стол/github/html_server_translate/serv_az/server/internal/server/server.go:54 server/internal/server.(*server).initializeRoutes() server INIT                                  
[36mINFO[0m[0004]/home/mvmir/Рабочий стол/github/html_server_translate/serv_az/server/internal/server/server.go:159 server/internal/server.Run() Listening HTTP service on 8081 port          
[36mINFO[0m[0011]/home/mvmir/Рабочий стол/github/html_server_translate/serv_az/server/internal/repositories/user_repo.go:64 server/internal/repositories.(*repoUsers).GetUserByEmail() get where                                    
[36mINFO[0m[0011]/home/mvmir/Рабочий стол/github/html_server_translate/serv_az/server/internal/repositories/user_repo.go:72 server/internal/repositories.(*repoUsers).GetUserByEmail() user !=nil                                   
[36mINFO[0m[0011]/home/mvmir/Рабочий стол/github/html_server_translate/serv_az/server/internal/repositories/user_repo.go:64 server/internal/repositories.(*repoUsers).GetUserByEmail() get where                                    
[36mINFO[0m[0011]/home/mvmir/Рабочий стол/github/html_server_translate/serv_az/server/internal/repositories/user_repo.go:72 server/internal/repositories.(*repoUsers).GetUserByEmail() user !=nil                                   
[36mINFO[0m[0003]/home/mvmir/Рабочий стол/github/html_server_translate/serv_az/server/internal/log/log.go:32 server/internal/log.NewLogAndSetLevel() Logger has been configurated                 
[36mINFO[0m[0003]/home/mvmir/Рабочий стол/github/html_server_translate/serv_az/server/internal/config/config.go:74 server/internal/config.NewConfig() Config has been parsed                       
[36mINFO[0m[0003]/home/mvmir/Рабочий стол/github/html_server_translate/serv_az/server/internal/log/log.go:44 server/internal/log.SetLevel() logger level has been configurated           
[36mINFO[0m[0004]/home/mvmir/Рабочий стол/github/html_server_translate/serv_az/server/internal/database/postgres.go:69 server/internal/database.(*postgresDB).SetupDatabase() DB Postgres has been connected, DB.Ping success  
[36mINFO[0m[0004]/home/mvmir/Рабочий стол/github/html_server_translate/serv_az/server/internal/server/server.go:314 server/internal/server.(*server).initializeTemplates() Templates have been registered               
[36mINFO[0m[0004]/home/mvmir/Рабочий стол/github/html_server_translate/serv_az/server/internal/server/server.go:54 server/internal/server.(*server).initializeRoutes() server INIT                                  
[36mINFO[0m[0004]/home/mvmir/Рабочий стол/github/html_server_translate/serv_az/server/internal/server/server.go:159 server/internal/server.Run() Listening HTTP service on 8081 port          
[36mINFO[0m[0010]/home/mvmir/Рабочий стол/github/html_server_translate/serv_az/server/internal/repositories/user_repo.go:64 server/internal/repositories.(*repoUsers).GetUserByEmail() get where &{Model:{ID:0 CreatedAt:0001-01-01 00:00:00 +0000 UTC UpdatedAt:0001-01-01 00:00:00 +0000 UTC DeletedAt:{Time:0001-01-01 00:00:00 +0000 UTC Valid:false}} ID:<nil> Email: Name: LastName: Password: Role: Words:[] Learn:[] Learned:[]} 
[31mFATA[0m[0010]/home/mvmir/Рабочий стол/github/html_server_translate/serv_az/server/internal/repositories/user_repo.go:72 server/internal/repositories.(*repoUsers).GetUserByEmail() user !=nil                                   
[36mINFO[0m[0003]/home/mvmir/Рабочий стол/github/html_server_translate/serv_az/server/internal/log/log.go:32 server/internal/log.NewLogAndSetLevel() Logger has been configurated                 
[36mINFO[0m[0003]/home/mvmir/Рабочий стол/github/html_server_translate/serv_az/server/internal/config/config.go:74 server/internal/config.NewConfig() Config has been parsed                       
[36mINFO[0m[0003]/home/mvmir/Рабочий стол/github/html_server_translate/serv_az/server/internal/log/log.go:44 server/internal/log.SetLevel() logger level has been configurated           
[36mINFO[0m[0004]/home/mvmir/Рабочий стол/github/html_server_translate/serv_az/server/internal/database/postgres.go:69 server/internal/database.(*postgresDB).SetupDatabase() DB Postgres has been connected, DB.Ping success  
[36mINFO[0m[0004]/home/mvmir/Рабочий стол/github/html_server_translate/serv_az/server/internal/server/server.go:314 server/internal/server.(*server).initializeTemplates() Templates have been registered               
[36mINFO[0m[0004]/home/mvmir/Рабочий стол/github/html_server_translate/serv_az/server/internal/server/server.go:54 server/internal/server.(*server).initializeRoutes() server INIT                                  
[36mINFO[0m[0004]/home/mvmir/Рабочий стол/github/html_server_translate/serv_az/server/internal/server/server.go:159 server/internal/server.Run() Listening HTTP service on 8081 port          
[36mINFO[0m[0011]/home/mvmir/Рабочий стол/github/html_server_translate/serv_az/server/internal/repositories/user_repo.go:64 server/internal/repositories.(*repoUsers).GetUserByEmail() get where &{Model:{ID:0 CreatedAt:0001-01-01 00:00:00 +0000 UTC UpdatedAt:0001-01-01 00:00:00 +0000 UTC DeletedAt:{Time:0001-01-01 00:00:00 +0000 UTC Valid:false}} ID:<nil> Email: Name: LastName: Password: Role: Words:[] Learn:[] Learned:[]} 
[31mERRO[0m[0011]/home/mvmir/Рабочий стол/github/html_server_translate/serv_az/server/internal/repositories/user_repo.go:68 server/internal/repositories.(*repoUsers).GetUserByEmail() REPO_USERS_ERR: Failed to GetUserByEmailErr : [user = nil] 
[31mERRO[0m[0011]/home/mvmir/Рабочий стол/github/html_server_translate/serv_az/server/internal/services/user_service.go:48 server/internal/services.(*UserService).RestoreUserPassword() REPO_USERS_ERR: Failed to GetUserByEmailErr : [user = nil] 
[31mERRO[0m[0011]/home/mvmir/Рабочий стол/github/html_server_translate/serv_az/server/internal/server/handlers.go:272 server/internal/server.(*server).restoreUserPasswordHandler.func1() REPO_USERS_ERR: Failed to GetUserByEmailErr : [user = nil] 
[31mERRO[0m[0126]/home/mvmir/Рабочий стол/github/html_server_translate/serv_az/server/internal/server/middlewares.go:51 server/internal/server.(*server).jwtAuthentication.func1() MIDDLEWARE_ERR: Failed to JWTMiddlewareErr : [Token is blacklisted] 
[36mINFO[0m[0143]/home/mvmir/Рабочий стол/github/html_server_translate/serv_az/server/internal/repositories/user_repo.go:64 server/internal/repositories.(*repoUsers).GetUserByEmail() get where &{Model:{ID:0 CreatedAt:0001-01-01 00:00:00 +0000 UTC UpdatedAt:0001-01-01 00:00:00 +0000 UTC DeletedAt:{Time:0001-01-01 00:00:00 +0000 UTC Valid:false}} ID:<nil> Email: Name: LastName: Password: Role: Words:[] Learn:[] Learned:[]} 
[31mERRO[0m[0143]/home/mvmir/Рабочий стол/github/html_server_translate/serv_az/server/internal/repositories/user_repo.go:68 server/internal/repositories.(*repoUsers).GetUserByEmail() REPO_USERS_ERR: Failed to GetUserByEmailErr : [user = nil] 
[31mERRO[0m[0143]/home/mvmir/Рабочий стол/github/html_server_translate/serv_az/server/internal/services/user_service.go:48 server/internal/services.(*UserService).RestoreUserPassword() REPO_USERS_ERR: Failed to GetUserByEmailErr : [user = nil] 
[31mERRO[0m[0143]/home/mvmir/Рабочий стол/github/html_server_translate/serv_az/server/internal/server/handlers.go:272 server/internal/server.(*server).restoreUserPasswordHandler.func1() REPO_USERS_ERR: Failed to GetUserByEmailErr : [user = nil] 
[31mERRO[0m[0150]/home/mvmir/Рабочий стол/github/html_server_translate/serv_az/server/internal/server/middlewares.go:51 server/internal/server.(*server).jwtAuthentication.func1() MIDDLEWARE_ERR: Failed to JWTMiddlewareErr : [Token is blacklisted] 
[36mINFO[0m[0155]/home/mvmir/Рабочий стол/github/html_server_translate/serv_az/server/internal/repositories/user_repo.go:64 server/internal/repositories.(*repoUsers).GetUserByEmail() get where &{Model:{ID:0 CreatedAt:2024-03-14 18:33:24.1092258 +0200 +0200 UpdatedAt:2024-03-14 18:33:24.1092258 +0200 +0200 DeletedAt:{Time:0001-01-01 00:00:00 +0000 UTC Valid:false}} ID:0c9709a9-fbbc-4a72-9d05-175e33dcfddd Email:admin@admin.admin Name:mainName LastName:mainLastName Password:$2a$14$Unm92MOg.qxbJyP0bCiVEeV0/cNinnoF5Htsb1zJpNxp1J/nc1TeC Role:admin Words:[] Learn:[] Learned:[]} 
[31mFATA[0m[0155]/home/mvmir/Рабочий стол/github/html_server_translate/serv_az/server/internal/repositories/user_repo.go:72 server/internal/repositories.(*repoUsers).GetUserByEmail() user !=nil                                   
[36mINFO[0m[0003]/home/mvmir/Рабочий стол/github/html_server_translate/serv_az/server/internal/log/log.go:32 server/internal/log.NewLogAndSetLevel() Logger has been configurated                 
[36mINFO[0m[0003]/home/mvmir/Рабочий стол/github/html_server_translate/serv_az/server/internal/config/config.go:74 server/internal/config.NewConfig() Config has been parsed                       
[36mINFO[0m[0003]/home/mvmir/Рабочий стол/github/html_server_translate/serv_az/server/internal/log/log.go:44 server/internal/log.SetLevel() logger level has been configurated           
[36mINFO[0m[0004]/home/mvmir/Рабочий стол/github/html_server_translate/serv_az/server/internal/database/postgres.go:69 server/internal/database.(*postgresDB).SetupDatabase() DB Postgres has been connected, DB.Ping success  
[36mINFO[0m[0004]/home/mvmir/Рабочий стол/github/html_server_translate/serv_az/server/internal/server/server.go:314 server/internal/server.(*server).initializeTemplates() Templates have been registered               
[36mINFO[0m[0004]/home/mvmir/Рабочий стол/github/html_server_translate/serv_az/server/internal/server/server.go:54 server/internal/server.(*server).initializeRoutes() server INIT                                  
[36mINFO[0m[0004]/home/mvmir/Рабочий стол/github/html_server_translate/serv_az/server/internal/server/server.go:159 server/internal/server.Run() Listening HTTP service on 8081 port          
[36mINFO[0m[0027]/home/mvmir/Рабочий стол/github/html_server_translate/serv_az/server/internal/repositories/user_repo.go:64 server/internal/repositories.(*repoUsers).GetUserByEmail() get where &{Model:{ID:0 CreatedAt:2024-03-14 18:33:24.1092258 +0200 +0200 UpdatedAt:2024-03-14 18:33:24.1092258 +0200 +0200 DeletedAt:{Time:0001-01-01 00:00:00 +0000 UTC Valid:false}} ID:0c9709a9-fbbc-4a72-9d05-175e33dcfddd Email:admin@admin.admin Name:mainName LastName:mainLastName Password:$2a$14$Unm92MOg.qxbJyP0bCiVEeV0/cNinnoF5Htsb1zJpNxp1J/nc1TeC Role:admin Words:[] Learn:[] Learned:[]} 
[36mINFO[0m[0034]/home/mvmir/Рабочий стол/github/html_server_translate/serv_az/server/internal/server/handlers.go:781 server/internal/server.(*server).getAllUsersHandler.func1() getAllUsersHandler started                   
[36mINFO[0m[0034]/home/mvmir/Рабочий стол/github/html_server_translate/serv_az/server/internal/server/handlers.go:811 server/internal/server.(*server).getAllUsersHandler.func1() getAllUsersHandler sent tamplates            
[31mERRO[0m[0063]/home/mvmir/Рабочий стол/github/html_server_translate/serv_az/server/internal/server/middlewares.go:51 server/internal/server.(*server).jwtAuthentication.func1() MIDDLEWARE_ERR: Failed to JWTMiddlewareErr : [Token is blacklisted] 
[36mINFO[0m[0099]/home/mvmir/Рабочий стол/github/html_server_translate/serv_az/server/internal/repositories/user_repo.go:64 server/internal/repositories.(*repoUsers).GetUserByEmail() get where &{Model:{ID:0 CreatedAt:2024-03-14 18:33:24.1092258 +0200 +0200 UpdatedAt:2024-03-14 18:33:24.1092258 +0200 +0200 DeletedAt:{Time:0001-01-01 00:00:00 +0000 UTC Valid:false}} ID:0c9709a9-fbbc-4a72-9d05-175e33dcfddd Email:admin@admin.admin Name:mainName LastName:mainLastName Password:$2a$14$Unm92MOg.qxbJyP0bCiVEeV0/cNinnoF5Htsb1zJpNxp1J/nc1TeC Role:admin Words:[] Learn:[] Learned:[]} 
[36mINFO[0m[0104]/home/mvmir/Рабочий стол/github/html_server_translate/serv_az/server/internal/server/handlers.go:781 server/internal/server.(*server).getAllUsersHandler.func1() getAllUsersHandler started                   
[36mINFO[0m[0104]/home/mvmir/Рабочий стол/github/html_server_translate/serv_az/server/internal/server/handlers.go:811 server/internal/server.(*server).getAllUsersHandler.func1() getAllUsersHandler sent tamplates            
[31mERRO[0m[0126]/home/mvmir/Рабочий стол/github/html_server_translate/serv_az/server/internal/server/middlewares.go:51 server/internal/server.(*server).jwtAuthentication.func1() MIDDLEWARE_ERR: Failed to JWTMiddlewareErr : [Token is blacklisted] 
[36mINFO[0m[0143]/home/mvmir/Рабочий стол/github/html_server_translate/serv_az/server/internal/repositories/user_repo.go:64 server/internal/repositories.(*repoUsers).GetUserByEmail() get where &{Model:{ID:0 CreatedAt:0001-01-01 00:00:00 +0000 UTC UpdatedAt:0001-01-01 00:00:00 +0000 UTC DeletedAt:{Time:0001-01-01 00:00:00 +0000 UTC Valid:false}} ID:<nil> Email: Name: LastName: Password: Role: Words:[] Learn:[] Learned:[]} 
[31mERRO[0m[0143]/home/mvmir/Рабочий стол/github/html_server_translate/serv_az/server/internal/repositories/user_repo.go:68 server/internal/repositories.(*repoUsers).GetUserByEmail() REPO_USERS_ERR: Failed to GetUserByEmailErr : [user = nil] 
[31mERRO[0m[0143]/home/mvmir/Рабочий стол/github/html_server_translate/serv_az/server/internal/services/user_service.go:48 server/internal/services.(*UserService).RestoreUserPassword() REPO_USERS_ERR: Failed to GetUserByEmailErr : [user = nil] 
[31mERRO[0m[0143]/home/mvmir/Рабочий стол/github/html_server_translate/serv_az/server/internal/server/handlers.go:272 server/internal/server.(*server).restoreUserPasswordHandler.func1() REPO_USERS_ERR: Failed to GetUserByEmailErr : [user = nil] 
[31mERRO[0m[0153]/home/mvmir/Рабочий стол/github/html_server_translate/serv_az/server/internal/server/middlewares.go:51 server/internal/server.(*server).jwtAuthentication.func1() MIDDLEWARE_ERR: Failed to JWTMiddlewareErr : [Token is blacklisted] 
[36mINFO[0m[0159]/home/mvmir/Рабочий стол/github/html_server_translate/serv_az/server/internal/repositories/user_repo.go:64 server/internal/repositories.(*repoUsers).GetUserByEmail() get where &{Model:{ID:0 CreatedAt:2024-03-14 18:45:56.8873165 +0000 +0000 UpdatedAt:2024-03-14 18:45:56.8873165 +0000 +0000 DeletedAt:{Time:0001-01-01 00:00:00 +0000 UTC Valid:false}} ID:8d75e1bc-7aca-4767-a6a2-582c56c72763 Email:morpex2777@gmail.com Name:Роман LastName:Хоцинський Password:$2a$14$weTso0OkO0GxeisQDuBOC.afXJ30zW9S89VnHuaFSUWKMfDYuCJsq Role:user Words:[] Learn:[] Learned:[]} 
[36mINFO[0m[0159]/home/mvmir/Рабочий стол/github/html_server_translate/serv_az/server/internal/services/user_service.go:52 server/internal/services.(*UserService).RestoreUserPassword() 8d75e1bc-7aca-4767-a6a2-582c56c72763         
[31mFATA[0m[0160]/home/mvmir/Рабочий стол/github/html_server_translate/serv_az/server/internal/services/user_service.go:61 server/internal/services.(*UserService).RestoreUserPassword() some went wrong                              
[36mINFO[0m[0003]/home/mvmir/Рабочий стол/github/html_server_translate/serv_az/server/internal/log/log.go:32 server/internal/log.NewLogAndSetLevel() Logger has been configurated                 
[36mINFO[0m[0003]/home/mvmir/Рабочий стол/github/html_server_translate/serv_az/server/internal/config/config.go:74 server/internal/config.NewConfig() Config has been parsed                       
[36mINFO[0m[0003]/home/mvmir/Рабочий стол/github/html_server_translate/serv_az/server/internal/log/log.go:44 server/internal/log.SetLevel() logger level has been configurated           
[36mINFO[0m[0004]/home/mvmir/Рабочий стол/github/html_server_translate/serv_az/server/internal/database/postgres.go:69 server/internal/database.(*postgresDB).SetupDatabase() DB Postgres has been connected, DB.Ping success  
[36mINFO[0m[0004]/home/mvmir/Рабочий стол/github/html_server_translate/serv_az/server/internal/server/server.go:314 server/internal/server.(*server).initializeTemplates() Templates have been registered               
[36mINFO[0m[0004]/home/mvmir/Рабочий стол/github/html_server_translate/serv_az/server/internal/server/server.go:54 server/internal/server.(*server).initializeRoutes() server INIT                                  
[36mINFO[0m[0004]/home/mvmir/Рабочий стол/github/html_server_translate/serv_az/server/internal/server/server.go:159 server/internal/server.Run() Listening HTTP service on 8081 port          
[31mERRO[0m[0067]/home/mvmir/Рабочий стол/github/html_server_translate/serv_az/server/internal/services/user_service.go:98 server/internal/services.(*UserService).CreateUser() GET ALL WORDS-------------------------------------------------------- 
[31mERRO[0m[0067]/home/mvmir/Рабочий стол/github/html_server_translate/serv_az/server/internal/services/user_service.go:116 server/internal/services.(*UserService).CreateUser() ADD WORDS TO USER-------------------------------------------------------- 
[36mINFO[0m[0086]/home/mvmir/Рабочий стол/github/html_server_translate/serv_az/server/internal/repositories/user_repo.go:64 server/internal/repositories.(*repoUsers).GetUserByEmail() get where &{Model:{ID:0 CreatedAt:2024-03-22 20:28:20.520255 +0200 +0200 UpdatedAt:2024-03-22 20:28:20.520255 +0200 +0200 DeletedAt:{Time:0001-01-01 00:00:00 +0000 UTC Valid:false}} ID:d9e78eea-49a1-4bdc-92f3-4adef8810627 Email:mvmir@ukr.net Name:vov4ik LastName:vovan Password:$2a$14$w1Eswl2LWcs1g8hgMzKXK.HxCJCcQCaW0jVRc0tNgDmLt3iEzh8ai Role:user Words:[] Learn:[] Learned:[]} 
[31mERRO[0m[0104]/home/mvmir/Рабочий стол/github/html_server_translate/serv_az/server/internal/server/middlewares.go:51 server/internal/server.(*server).jwtAuthentication.func1() MIDDLEWARE_ERR: Failed to JWTMiddlewareErr : [Token is blacklisted] 
[36mINFO[0m[0125]/home/mvmir/Рабочий стол/github/html_server_translate/serv_az/server/internal/repositories/user_repo.go:64 server/internal/repositories.(*repoUsers).GetUserByEmail() get where &{Model:{ID:0 CreatedAt:2024-03-22 20:28:20.520255 +0200 +0200 UpdatedAt:2024-03-22 20:28:20.520255 +0200 +0200 DeletedAt:{Time:0001-01-01 00:00:00 +0000 UTC Valid:false}} ID:d9e78eea-49a1-4bdc-92f3-4adef8810627 Email:mvmir@ukr.net Name:vov4ik LastName:vovan Password:$2a$14$w1Eswl2LWcs1g8hgMzKXK.HxCJCcQCaW0jVRc0tNgDmLt3iEzh8ai Role:user Words:[] Learn:[] Learned:[]} 
[36mINFO[0m[0125]/home/mvmir/Рабочий стол/github/html_server_translate/serv_az/server/internal/services/user_service.go:52 server/internal/services.(*UserService).RestoreUserPassword() d9e78eea-49a1-4bdc-92f3-4adef8810627         
[36mINFO[0m[0179]/home/mvmir/Рабочий стол/github/html_server_translate/serv_az/server/internal/repositories/user_repo.go:64 server/internal/repositories.(*repoUsers).GetUserByEmail() get where &{Model:{ID:0 CreatedAt:2024-03-22 20:28:20.520255 +0200 +0200 UpdatedAt:2024-03-22 20:29:20.7966967 +0200 +0200 DeletedAt:{Time:0001-01-01 00:00:00 +0000 UTC Valid:false}} ID:d9e78eea-49a1-4bdc-92f3-4adef8810627 Email:mvmir@ukr.net Name:vov4ik LastName:vovan Password:$2a$14$zZThYm64HzU.dgWB6.JVHOCn8QtzywCJuPHXHevtvwr7cfdpcB4w. Role:user Words:[] Learn:[] Learned:[]} 
[36mINFO[0m[0003]/home/mvmir/Рабочий стол/github/html_server_translate/serv_az/server/internal/log/log.go:32 server/internal/log.NewLogAndSetLevel() Logger has been configurated                 
[36mINFO[0m[0003]/home/mvmir/Рабочий стол/github/html_server_translate/serv_az/server/internal/config/config.go:74 server/internal/config.NewConfig() Config has been parsed                       
[36mINFO[0m[0003]/home/mvmir/Рабочий стол/github/html_server_translate/serv_az/server/internal/log/log.go:44 server/internal/log.SetLevel() logger level has been configurated           
[36mINFO[0m[0004]/home/mvmir/Рабочий стол/github/html_server_translate/serv_az/server/internal/database/postgres.go:69 server/internal/database.(*postgresDB).SetupDatabase() DB Postgres has been connected, DB.Ping success  
[36mINFO[0m[0004]/home/mvmir/Рабочий стол/github/html_server_translate/serv_az/server/internal/server/server.go:315 server/internal/server.(*server).initializeTemplates() Templates have been registered               
[36mINFO[0m[0004]/home/mvmir/Рабочий стол/github/html_server_translate/serv_az/server/internal/server/server.go:54 server/internal/server.(*server).initializeRoutes() server INIT                                  
[36mINFO[0m[0004]/home/mvmir/Рабочий стол/github/html_server_translate/serv_az/server/internal/server/server.go:160 server/internal/server.Run() Listening HTTP service on 8081 port          
[36mINFO[0m[0003]/home/mvmir/Рабочий стол/github/html_server_translate/serv_az/server/internal/log/log.go:32 server/internal/log.NewLogAndSetLevel() Logger has been configurated                 
[36mINFO[0m[0003]/home/mvmir/Рабочий стол/github/html_server_translate/serv_az/server/internal/config/config.go:74 server/internal/config.NewConfig() Config has been parsed                       
[36mINFO[0m[0003]/home/mvmir/Рабочий стол/github/html_server_translate/serv_az/server/internal/log/log.go:44 server/internal/log.SetLevel() logger level has been configurated           
[36mINFO[0m[0004]/home/mvmir/Рабочий стол/github/html_server_translate/serv_az/server/internal/database/postgres.go:69 server/internal/database.(*postgresDB).SetupDatabase() DB Postgres has been connected, DB.Ping success  
[36mINFO[0m[0004]/home/mvmir/Рабочий стол/github/html_server_translate/serv_az/server/internal/server/server.go:315 server/internal/server.(*server).initializeTemplates() Templates have been registered               
[36mINFO[0m[0004]/home/mvmir/Рабочий стол/github/html_server_translate/serv_az/server/internal/server/server.go:54 server/internal/server.(*server).initializeRoutes() server INIT                                  
[36mINFO[0m[0004]/home/mvmir/Рабочий стол/github/html_server_translate/serv_az/server/internal/server/server.go:160 server/internal/server.Run() Listening HTTP service on 8081 port          
[36mINFO[0m[0003]/home/mvmir/Рабочий стол/github/html_server_translate/serv_az/server/internal/log/log.go:32 server/internal/log.NewLogAndSetLevel() Logger has been configurated                 
[36mINFO[0m[0003]/home/mvmir/Рабочий стол/github/html_server_translate/serv_az/server/internal/config/config.go:74 server/internal/config.NewConfig() Config has been parsed                       
[36mINFO[0m[0003]/home/mvmir/Рабочий стол/github/html_server_translate/serv_az/server/internal/log/log.go:44 server/internal/log.SetLevel() logger level has been configurated           
[36mINFO[0m[0004]/home/mvmir/Рабочий стол/github/html_server_translate/serv_az/server/internal/database/postgres.go:69 server/internal/database.(*postgresDB).SetupDatabase() DB Postgres has been connected, DB.Ping success  
[36mINFO[0m[0004]/home/mvmir/Рабочий стол/github/html_server_translate/serv_az/server/internal/server/server.go:315 server/internal/server.(*server).initializeTemplates() Templates have been registered               
[36mINFO[0m[0004]/home/mvmir/Рабочий стол/github/html_server_translate/serv_az/server/internal/server/server.go:54 server/internal/server.(*server).initializeRoutes() server INIT                                  
[36mINFO[0m[0004]/home/mvmir/Рабочий стол/github/html_server_translate/serv_az/server/internal/server/server.go:160 server/internal/server.Run() Listening HTTP service on 8081 port          
[36mINFO[0m[0003]/home/mvmir/Рабочий стол/github/html_server_translate/serv_az/server/internal/log/log.go:32 server/internal/log.NewLogAndSetLevel() Logger has been configurated                 
[36mINFO[0m[0003]/home/mvmir/Рабочий стол/github/html_server_translate/serv_az/server/internal/config/config.go:74 server/internal/config.NewConfig() Config has been parsed                       
[36mINFO[0m[0003]/home/mvmir/Рабочий стол/github/html_server_translate/serv_az/server/internal/log/log.go:44 server/internal/log.SetLevel() logger level has been configurated           
[36mINFO[0m[0004]/home/mvmir/Рабочий стол/github/html_server_translate/serv_az/server/internal/database/postgres.go:69 server/internal/database.(*postgresDB).SetupDatabase() DB Postgres has been connected, DB.Ping success  
[36mINFO[0m[0005]/home/mvmir/Рабочий стол/github/html_server_translate/serv_az/server/internal/server/server.go:315 server/internal/server.(*server).initializeTemplates() Templates have been registered               
[36mINFO[0m[0005]/home/mvmir/Рабочий стол/github/html_server_translate/serv_az/server/internal/server/server.go:54 server/internal/server.(*server).initializeRoutes() server INIT                                  
[36mINFO[0m[0005]/home/mvmir/Рабочий стол/github/html_server_translate/serv_az/server/internal/server/server.go:160 server/internal/server.Run() Listening HTTP service on 8081 port          
[36mINFO[0m[0003]/home/mvmir/Рабочий стол/github/html_server_translate/serv_az/server/internal/log/log.go:32 server/internal/log.NewLogAndSetLevel() Logger has been configurated                 
[36mINFO[0m[0003]/home/mvmir/Рабочий стол/github/html_server_translate/serv_az/server/internal/config/config.go:74 server/internal/config.NewConfig() Config has been parsed                       
[36mINFO[0m[0003]/home/mvmir/Рабочий стол/github/html_server_translate/serv_az/server/internal/log/log.go:44 server/internal/log.SetLevel() logger level has been configurated           
[36mINFO[0m[0004]/home/mvmir/Рабочий стол/github/html_server_translate/serv_az/server/internal/database/postgres.go:69 server/internal/database.(*postgresDB).SetupDatabase() DB Postgres has been connected, DB.Ping success  
[36mINFO[0m[0006]/home/mvmir/Рабочий стол/github/html_server_translate/serv_az/server/internal/server/server.go:315 server/internal/server.(*server).initializeTemplates() Templates have been registered               
[36mINFO[0m[0006]/home/mvmir/Рабочий стол/github/html_server_translate/serv_az/server/internal/server/server.go:54 server/internal/server.(*server).initializeRoutes() server INIT                                  
[36mINFO[0m[0006]/home/mvmir/Рабочий стол/github/html_server_translate/serv_az/server/internal/server/server.go:160 server/internal/server.Run() Listening HTTP service on 8081 port          
[36mINFO[0m[0003]/home/mvmir/Рабочий стол/github/html_server_translate/serv_az/server/internal/log/log.go:32 server/internal/log.NewLogAndSetLevel() Logger has been configurated                 
[36mINFO[0m[0003]/home/mvmir/Рабочий стол/github/html_server_translate/serv_az/server/internal/config/config.go:74 server/internal/config.NewConfig() Config has been parsed                       
[36mINFO[0m[0003]/home/mvmir/Рабочий стол/github/html_server_translate/serv_az/server/internal/log/log.go:44 server/internal/log.SetLevel() logger level has been configurated           
[36mINFO[0m[0004]/home/mvmir/Рабочий стол/github/html_server_translate/serv_az/server/internal/database/postgres.go:69 server/internal/database.(*postgresDB).SetupDatabase() DB Postgres has been connected, DB.Ping success  
[36mINFO[0m[0004]/home/mvmir/Рабочий стол/github/html_server_translate/serv_az/server/internal/server/server.go:315 server/internal/server.(*server).initializeTemplates() Templates have been registered               
[36mINFO[0m[0004]/home/mvmir/Рабочий стол/github/html_server_translate/serv_az/server/internal/server/server.go:54 server/internal/server.(*server).initializeRoutes() server INIT                                  
[36mINFO[0m[0004]/home/mvmir/Рабочий стол/github/html_server_translate/serv_az/server/internal/server/server.go:160 server/internal/server.Run() Listening HTTP service on 8081 port          
[31mERRO[0m[0085]/home/mvmir/Рабочий стол/github/html_server_translate/serv_az/server/internal/server/middlewares.go:44 server/internal/server.(*server).jwtAuthentication.func1() MIDDLEWARE_ERR: Failed to JWTMiddlewareErr : [Vars Authorization] 
[36mINFO[0m[0003]/home/mvmir/Рабочий стол/github/html_server_translate/serv_az/server/internal/log/log.go:32 server/internal/log.NewLogAndSetLevel() Logger has been configurated                 
[36mINFO[0m[0003]/home/mvmir/Рабочий стол/github/html_server_translate/serv_az/server/internal/config/config.go:74 server/internal/config.NewConfig() Config has been parsed                       
[36mINFO[0m[0003]/home/mvmir/Рабочий стол/github/html_server_translate/serv_az/server/internal/log/log.go:44 server/internal/log.SetLevel() logger level has been configurated           
[36mINFO[0m[0004]/home/mvmir/Рабочий стол/github/html_server_translate/serv_az/server/internal/database/postgres.go:69 server/internal/database.(*postgresDB).SetupDatabase() DB Postgres has been connected, DB.Ping success  
[36mINFO[0m[0004]/home/mvmir/Рабочий стол/github/html_server_translate/serv_az/server/internal/server/server.go:315 server/internal/server.(*server).initializeTemplates() Templates have been registered               
[36mINFO[0m[0004]/home/mvmir/Рабочий стол/github/html_server_translate/serv_az/server/internal/server/server.go:54 server/internal/server.(*server).initializeRoutes() server INIT                                  
[36mINFO[0m[0004]/home/mvmir/Рабочий стол/github/html_server_translate/serv_az/server/internal/server/server.go:160 server/internal/server.Run() Listening HTTP service on 8081 port          
[36mINFO[0m[0003]/home/mvmir/Рабочий стол/github/html_server_translate/serv_az/server/internal/log/log.go:32 server/internal/log.NewLogAndSetLevel() Logger has been configurated                 
[36mINFO[0m[0003]/home/mvmir/Рабочий стол/github/html_server_translate/serv_az/server/internal/config/config.go:74 server/internal/config.NewConfig() Config has been parsed                       
[36mINFO[0m[0003]/home/mvmir/Рабочий стол/github/html_server_translate/serv_az/server/internal/log/log.go:44 server/internal/log.SetLevel() logger level has been configurated           
[36mINFO[0m[0004]/home/mvmir/Рабочий стол/github/html_server_translate/serv_az/server/internal/database/postgres.go:69 server/internal/database.(*postgresDB).SetupDatabase() DB Postgres has been connected, DB.Ping success  
[36mINFO[0m[0005]/home/mvmir/Рабочий стол/github/html_server_translate/serv_az/server/internal/server/server.go:315 server/internal/server.(*server).initializeTemplates() Templates have been registered               
[36mINFO[0m[0005]/home/mvmir/Рабочий стол/github/html_server_translate/serv_az/server/internal/server/server.go:54 server/internal/server.(*server).initializeRoutes() server INIT                                  
[36mINFO[0m[0005]/home/mvmir/Рабочий стол/github/html_server_translate/serv_az/server/internal/server/server.go:160 server/internal/server.Run() Listening HTTP service on 8081 port          
[36mINFO[0m[0003]/home/mvmir/Рабочий стол/github/html_server_translate/serv_az/server/internal/log/log.go:32 server/internal/log.NewLogAndSetLevel() Logger has been configurated                 
[36mINFO[0m[0003]/home/mvmir/Рабочий стол/github/html_server_translate/serv_az/server/internal/config/config.go:74 server/internal/config.NewConfig() Config has been parsed                       
[36mINFO[0m[0003]/home/mvmir/Рабочий стол/github/html_server_translate/serv_az/server/internal/log/log.go:44 server/internal/log.SetLevel() logger level has been configurated           
[36mINFO[0m[0004]/home/mvmir/Рабочий стол/github/html_server_translate/serv_az/server/internal/database/postgres.go:69 server/internal/database.(*postgresDB).SetupDatabase() DB Postgres has been connected, DB.Ping success  
[36mINFO[0m[0004]/home/mvmir/Рабочий стол/github/html_server_translate/serv_az/server/internal/server/server.go:315 server/internal/server.(*server).initializeTemplates() Templates have been registered               
[36mINFO[0m[0004]/home/mvmir/Рабочий стол/github/html_server_translate/serv_az/server/internal/server/server.go:54 server/internal/server.(*server).initializeRoutes() server INIT                                  
[36mINFO[0m[0004]/home/mvmir/Рабочий стол/github/html_server_translate/serv_az/server/internal/server/server.go:160 server/internal/server.Run() Listening HTTP service on 8081 port          
[36mINFO[0m[1805]/home/mvmir/Рабочий стол/github/html_server_translate/serv_az/server/internal/database/postgres.go:96 server/internal/database.(*postgresDB).PingEveryMinuts() Ping ring rang, DB woke up                   
[36mINFO[0m[0003]/home/mvmir/Рабочий стол/github/html_server_translate/serv_az/server/internal/log/log.go:32 server/internal/log.NewLogAndSetLevel() Logger has been configurated                 
[36mINFO[0m[0003]/home/mvmir/Рабочий стол/github/html_server_translate/serv_az/server/internal/config/config.go:74 server/internal/config.NewConfig() Config has been parsed                       
[36mINFO[0m[0003]/home/mvmir/Рабочий стол/github/html_server_translate/serv_az/server/internal/log/log.go:44 server/internal/log.SetLevel() logger level has been configurated           
[36mINFO[0m[0004]/home/mvmir/Рабочий стол/github/html_server_translate/serv_az/server/internal/database/postgres.go:69 server/internal/database.(*postgresDB).SetupDatabase() DB Postgres has been connected, DB.Ping success  
[36mINFO[0m[0004]/home/mvmir/Рабочий стол/github/html_server_translate/serv_az/server/internal/server/server.go:315 server/internal/server.(*server).initializeTemplates() Templates have been registered               
[36mINFO[0m[0004]/home/mvmir/Рабочий стол/github/html_server_translate/serv_az/server/internal/server/server.go:54 server/internal/server.(*server).initializeRoutes() server INIT                                  
[36mINFO[0m[0004]/home/mvmir/Рабочий стол/github/html_server_translate/serv_az/server/internal/server/server.go:160 server/internal/server.Run() Listening HTTP service on 8081 port          
[36mINFO[0m[0003]/home/mvmir/Рабочий стол/github/html_server_translate/serv_az/server/internal/log/log.go:32 server/internal/log.NewLogAndSetLevel() Logger has been configurated                 
[36mINFO[0m[0003]/home/mvmir/Рабочий стол/github/html_server_translate/serv_az/server/internal/config/config.go:74 server/internal/config.NewConfig() Config has been parsed                       
[36mINFO[0m[0003]/home/mvmir/Рабочий стол/github/html_server_translate/serv_az/server/internal/log/log.go:44 server/internal/log.SetLevel() logger level has been configurated           
[36mINFO[0m[0004]/home/mvmir/Рабочий стол/github/html_server_translate/serv_az/server/internal/database/postgres.go:69 server/internal/database.(*postgresDB).SetupDatabase() DB Postgres has been connected, DB.Ping success  
[36mINFO[0m[0004]/home/mvmir/Рабочий стол/github/html_server_translate/serv_az/server/internal/server/server.go:315 server/internal/server.(*server).initializeTemplates() Templates have been registered               
[36mINFO[0m[0004]/home/mvmir/Рабочий стол/github/html_server_translate/serv_az/server/internal/server/server.go:54 server/internal/server.(*server).initializeRoutes() server INIT                                  
[36mINFO[0m[0004]/home/mvmir/Рабочий стол/github/html_server_translate/serv_az/server/internal/server/server.go:160 server/internal/server.Run() Listening HTTP service on 8081 port          
[36mINFO[0m[0003]/home/mvmir/Рабочий стол/github/html_server_translate/serv_az_clean_arch/server/internal/log/log.go:32 server/internal/log.NewLogAndSetLevel() Logger has been configurated                 
[36mINFO[0m[0003]/home/mvmir/Рабочий стол/github/html_server_translate/serv_az_clean_arch/server/internal/config/config.go:75 server/internal/config.NewConfig() Config has been parsed                       
[36mINFO[0m[0003]/home/mvmir/Рабочий стол/github/html_server_translate/serv_az_clean_arch/server/internal/log/log.go:44 server/internal/log.SetLevel() logger level has been configurated           
[36mINFO[0m[0004]/home/mvmir/Рабочий стол/github/html_server_translate/serv_az_clean_arch/server/internal/infrastructure/datastore/postgres.go:69 server/internal/infrastructure/datastore.(*postgresDB).SetupDatabase() DB Postgres has been connected, DB.Ping success  
[36mINFO[0m[0004]/home/mvmir/Рабочий стол/github/html_server_translate/serv_az_clean_arch/server/internal/infrastructure/webtemplate.go/template.go:153 server/internal/infrastructure/webtemplate%2ego.InitializeTemplates() Templates have been registered               
[36mINFO[0m[0004]/home/mvmir/Рабочий стол/github/html_server_translate/serv_az_clean_arch/server/cmd/server/main.go:105 main.main() Server listen at http://localhost:8081       
[36mINFO[0m[0003]/home/mvmir/Рабочий стол/github/html_server_translate/serv_az_clean_arch/server/internal/log/log.go:32 server/internal/log.NewLogAndSetLevel() Logger has been configurated                 
[36mINFO[0m[0003]/home/mvmir/Рабочий стол/github/html_server_translate/serv_az_clean_arch/server/internal/config/config.go:75 server/internal/config.NewConfig() Config has been parsed                       
[36mINFO[0m[0003]/home/mvmir/Рабочий стол/github/html_server_translate/serv_az_clean_arch/server/internal/log/log.go:44 server/internal/log.SetLevel() logger level has been configurated           
[36mINFO[0m[0004]/home/mvmir/Рабочий стол/github/html_server_translate/serv_az_clean_arch/server/internal/infrastructure/datastore/postgres.go:69 server/internal/infrastructure/datastore.(*postgresDB).SetupDatabase() DB Postgres has been connected, DB.Ping success  
[36mINFO[0m[0005]/home/mvmir/Рабочий стол/github/html_server_translate/serv_az_clean_arch/server/internal/infrastructure/webtemplate.go/template.go:153 server/internal/infrastructure/webtemplate%2ego.InitializeTemplates() Templates have been registered               
[36mINFO[0m[0005]/home/mvmir/Рабочий стол/github/html_server_translate/serv_az_clean_arch/server/cmd/server/main.go:105 main.main() Server listen at http://localhost:8081       
[36mINFO[0m[0003]/home/mvmir/Рабочий стол/github/html_server_translate/serv_az_clean_arch/server/internal/log/log.go:32 server/internal/log.NewLogAndSetLevel() Logger has been configurated                 
[36mINFO[0m[0003]/home/mvmir/Рабочий стол/github/html_server_translate/serv_az_clean_arch/server/internal/config/config.go:75 server/internal/config.NewConfig() Config has been parsed                       
[36mINFO[0m[0003]/home/mvmir/Рабочий стол/github/html_server_translate/serv_az_clean_arch/server/internal/log/log.go:44 server/internal/log.SetLevel() logger level has been configurated           
[36mINFO[0m[0004]/home/mvmir/Рабочий стол/github/html_server_translate/serv_az_clean_arch/server/internal/infrastructure/datastore/postgres.go:69 server/internal/infrastructure/datastore.(*postgresDB).SetupDatabase() DB Postgres has been connected, DB.Ping success  
[36mINFO[0m[0005]/home/mvmir/Рабочий стол/github/html_server_translate/serv_az_clean_arch/server/internal/infrastructure/webtemplate.go/template.go:153 server/internal/infrastructure/webtemplate%2ego.InitializeTemplates() Templates have been registered               
[36mINFO[0m[0005]/home/mvmir/Рабочий стол/github/html_server_translate/serv_az_clean_arch/server/cmd/server/main.go:105 main.main() Server listen at http://localhost:8081       
[36mINFO[0m[0003]/home/mvmir/Рабочий стол/github/html_server_translate/serv_az_clean_arch/server/internal/log/log.go:32 server/internal/log.NewLogAndSetLevel() Logger has been configurated                 
[36mINFO[0m[0003]/home/mvmir/Рабочий стол/github/html_server_translate/serv_az_clean_arch/server/internal/config/config.go:75 server/internal/config.NewConfig() Config has been parsed                       
[36mINFO[0m[0003]/home/mvmir/Рабочий стол/github/html_server_translate/serv_az_clean_arch/server/internal/log/log.go:44 server/internal/log.SetLevel() logger level has been configurated           
[36mINFO[0m[0004]/home/mvmir/Рабочий стол/github/html_server_translate/serv_az_clean_arch/server/internal/infrastructure/datastore/postgres.go:69 server/internal/infrastructure/datastore.(*postgresDB).SetupDatabase() DB Postgres has been connected, DB.Ping success  
[36mINFO[0m[0004]/home/mvmir/Рабочий стол/github/html_server_translate/serv_az_clean_arch/server/internal/infrastructure/webtemplate.go/template.go:153 server/internal/infrastructure/webtemplate%2ego.InitializeTemplates() Templates have been registered               
[36mINFO[0m[0004]/home/mvmir/Рабочий стол/github/html_server_translate/serv_az_clean_arch/server/cmd/server/main.go:105 main.main() Server listen at http://localhost:8081       
[36mINFO[0m[0003]/home/mvmir/Рабочий стол/github/html_server_translate/serv_az_clean_arch/server/internal/log/log.go:32 server/internal/log.NewLogAndSetLevel() Logger has been configurated                 
[36mINFO[0m[0003]/home/mvmir/Рабочий стол/github/html_server_translate/serv_az_clean_arch/server/internal/config/config.go:75 server/internal/config.NewConfig() Config has been parsed                       
[36mINFO[0m[0003]/home/mvmir/Рабочий стол/github/html_server_translate/serv_az_clean_arch/server/internal/log/log.go:44 server/internal/log.SetLevel() logger level has been configurated           
[36mINFO[0m[0004]/home/mvmir/Рабочий стол/github/html_server_translate/serv_az_clean_arch/server/internal/infrastructure/datastore/postgres.go:69 server/internal/infrastructure/datastore.(*postgresDB).SetupDatabase() DB Postgres has been connected, DB.Ping success  
[36mINFO[0m[0004]/home/mvmir/Рабочий стол/github/html_server_translate/serv_az_clean_arch/server/internal/infrastructure/webtemplate.go/template.go:153 server/internal/infrastructure/webtemplate%2ego.InitializeTemplates() Templates have been registered               
[36mINFO[0m[0004]/home/mvmir/Рабочий стол/github/html_server_translate/serv_az_clean_arch/server/cmd/server/main.go:104 main.main() Server listen at http://localhost:8081       
[36mINFO[0m[0003]/home/mvmir/Рабочий стол/github/html_server_translate/serv_az_clean_arch/server/internal/log/log.go:32 server/internal/log.NewLogAndSetLevel() Logger has been configurated                 
[36mINFO[0m[0003]/home/mvmir/Рабочий стол/github/html_server_translate/serv_az_clean_arch/server/internal/config/config.go:75 server/internal/config.NewConfig() Config has been parsed                       
[36mINFO[0m[0003]/home/mvmir/Рабочий стол/github/html_server_translate/serv_az_clean_arch/server/internal/log/log.go:44 server/internal/log.SetLevel() logger level has been configurated           
[36mINFO[0m[0004]/home/mvmir/Рабочий стол/github/html_server_translate/serv_az_clean_arch/server/internal/infrastructure/datastore/postgres.go:69 server/internal/infrastructure/datastore.(*postgresDB).SetupDatabase() DB Postgres has been connected, DB.Ping success  
[36mINFO[0m[0004]/home/mvmir/Рабочий стол/github/html_server_translate/serv_az_clean_arch/server/internal/infrastructure/webtemplate.go/template.go:153 server/internal/infrastructure/webtemplate%2ego.InitializeTemplates() Templates have been registered               
[36mINFO[0m[0004]/home/mvmir/Рабочий стол/github/html_server_translate/serv_az_clean_arch/server/cmd/server/main.go:104 main.main() Server listen at http://localhost:8081       
[36mINFO[0m[0003]/home/mvmir/Рабочий стол/github/html_server_translate/serv_az_clean_arch/server/internal/log/log.go:32 server/internal/log.NewLogAndSetLevel() Logger has been configurated                 
[36mINFO[0m[0003]/home/mvmir/Рабочий стол/github/html_server_translate/serv_az_clean_arch/server/internal/config/config.go:75 server/internal/config.NewConfig() Config has been parsed                       
[36mINFO[0m[0003]/home/mvmir/Рабочий стол/github/html_server_translate/serv_az_clean_arch/server/internal/log/log.go:44 server/internal/log.SetLevel() logger level has been configurated           
[36mINFO[0m[0003]/home/mvmir/Рабочий стол/github/html_server_translate/serv_az_clean_arch/server/internal/infrastructure/datastore/postgres.go:69 server/internal/infrastructure/datastore.(*postgresDB).SetupDatabase() DB Postgres has been connected, DB.Ping success  
[36mINFO[0m[0004]/home/mvmir/Рабочий стол/github/html_server_translate/serv_az_clean_arch/server/internal/infrastructure/webtemplate.go/template.go:153 server/internal/infrastructure/webtemplate%2ego.InitializeTemplates() Templates have been registered               
[36mINFO[0m[0004]/home/mvmir/Рабочий стол/github/html_server_translate/serv_az_clean_arch/server/cmd/server/main.go:104 main.main() Server listen at http://localhost:8081       
[36mINFO[0m[0003]/home/mvmir/Рабочий стол/github/html_server_translate/serv_az_clean_arch/server/internal/log/log.go:32 server/internal/log.NewLogAndSetLevel() Logger has been configurated                 
[36mINFO[0m[0003]/home/mvmir/Рабочий стол/github/html_server_translate/serv_az_clean_arch/server/internal/config/config.go:75 server/internal/config.NewConfig() Config has been parsed                       
[36mINFO[0m[0003]/home/mvmir/Рабочий стол/github/html_server_translate/serv_az_clean_arch/server/internal/log/log.go:44 server/internal/log.SetLevel() logger level has been configurated           
[36mINFO[0m[0004]/home/mvmir/Рабочий стол/github/html_server_translate/serv_az_clean_arch/server/internal/infrastructure/datastore/postgres.go:69 server/internal/infrastructure/datastore.(*postgresDB).SetupDatabase() DB Postgres has been connected, DB.Ping success  
[36mINFO[0m[0004]/home/mvmir/Рабочий стол/github/html_server_translate/serv_az_clean_arch/server/internal/infrastructure/webtemplate.go/template.go:153 server/internal/infrastructure/webtemplate%2ego.InitializeTemplates() Templates have been registered               
[36mINFO[0m[0004]/home/mvmir/Рабочий стол/github/html_server_translate/serv_az_clean_arch/server/cmd/server/main.go:104 main.main() Server listen at http://localhost:8081       
[36mINFO[0m[0003]/home/mvmir/Рабочий стол/github/html_server_translate/serv_az_clean_arch/server/internal/log/log.go:32 server/internal/log.NewLogAndSetLevel() Logger has been configurated                 
[36mINFO[0m[0003]/home/mvmir/Рабочий стол/github/html_server_translate/serv_az_clean_arch/server/internal/config/config.go:75 server/internal/config.NewConfig() Config has been parsed                       
[36mINFO[0m[0003]/home/mvmir/Рабочий стол/github/html_server_translate/serv_az_clean_arch/server/internal/log/log.go:44 server/internal/log.SetLevel() logger level has been configurated           
[36mINFO[0m[0004]/home/mvmir/Рабочий стол/github/html_server_translate/serv_az_clean_arch/server/internal/infrastructure/datastore/postgres.go:69 server/internal/infrastructure/datastore.(*postgresDB).SetupDatabase() DB Postgres has been connected, DB.Ping success  
[36mINFO[0m[0004]/home/mvmir/Рабочий стол/github/html_server_translate/serv_az_clean_arch/server/internal/infrastructure/webtemplate.go/template.go:153 server/internal/infrastructure/webtemplate%2ego.InitializeTemplates() Templates have been registered               
[36mINFO[0m[0004]/home/mvmir/Рабочий стол/github/html_server_translate/serv_az_clean_arch/server/cmd/server/main.go:104 main.main() Server listen at http://localhost:8081       
